#! /c/Source/iverilog-install/bin/vvp
:ivl_version "12.0 (devel)" "(s20150603-1539-g2693dd32b)";
:ivl_delay_selection "TYPICAL";
:vpi_time_precision + 0;
:vpi_module "C:\iverilog\lib\ivl\system.vpi";
:vpi_module "C:\iverilog\lib\ivl\vhdl_sys.vpi";
:vpi_module "C:\iverilog\lib\ivl\vhdl_textio.vpi";
:vpi_module "C:\iverilog\lib\ivl\v2005_math.vpi";
:vpi_module "C:\iverilog\lib\ivl\va_math.vpi";
S_0000024d9e226510 .scope module, "fpa_tb" "fpa_tb" 2 260;
 .timescale 0 0;
v0000024d9e308a40_0 .var "clk", 0 0;
v0000024d9e308fe0_0 .net "done", 0 0, v0000024d9e304950_0;  1 drivers
v0000024d9e3096c0_0 .var "ram_addr", 1 0;
v0000024d9e308f40_0 .net "ram_out", 31 0, v0000024d9e305350_0;  1 drivers
S_0000024d9e2266a0 .scope module, "fpa1" "fpa" 2 265, 2 52 0, S_0000024d9e226510;
 .timescale 0 0;
    .port_info 0 /INPUT 2 "ram_addr";
    .port_info 1 /OUTPUT 32 "ram_out";
    .port_info 2 /OUTPUT 1 "done";
L_0000024d9e330088 .functor BUFT 1, C4<001>, C4<0>, C4<0>, C4<0>;
v0000024d9e304c70_0 .net/2u *"_ivl_2", 2 0, L_0000024d9e330088;  1 drivers
v0000024d9e305990_0 .var "adder_en", 0 0;
v0000024d9e304770_0 .var "addr_counter", 1 0;
v0000024d9e304630_0 .var "clk", 0 0;
v0000024d9e304950_0 .var "done", 0 0;
v0000024d9e3049f0_0 .var "ram_OE", 0 0;
v0000024d9e304d10_0 .var "ram_RW", 0 0;
v0000024d9e305710_0 .net "ram_addr", 1 0, v0000024d9e3096c0_0;  1 drivers
v0000024d9e305490_0 .net "ram_addr_mux", 1 0, L_0000024d9e307a00;  1 drivers
v0000024d9e3057b0_0 .net "ram_in", 31 0, v0000024d9e305670_0;  1 drivers
v0000024d9e305850_0 .net "ram_out", 31 0, v0000024d9e305350_0;  alias, 1 drivers
v0000024d9e307f00_0 .var "rom_OE", 0 0;
v0000024d9e308e00_0 .var "rom_addr", 2 0;
v0000024d9e307e60_0 .net "rom_out1", 31 0, v0000024d9e3044f0_0;  1 drivers
v0000024d9e308ea0_0 .net "rom_out2", 31 0, v0000024d9e304590_0;  1 drivers
L_0000024d9e307a00 .functor MUXZ 2, v0000024d9e3096c0_0, v0000024d9e304770_0, v0000024d9e304d10_0, C4<>;
L_0000024d9e3082c0 .arith/sum 3, v0000024d9e308e00_0, L_0000024d9e330088;
S_0000024d9e22e810 .scope module, "adder" "adder" 2 75, 2 197 0, S_0000024d9e2266a0;
 .timescale 0 0;
    .port_info 0 /INPUT 32 "operand_1";
    .port_info 1 /INPUT 32 "operand_2";
    .port_info 2 /INPUT 1 "clk";
    .port_info 3 /INPUT 1 "en";
    .port_info 4 /OUTPUT 32 "sum";
v0000024d9e3036c0_0 .net "add_mantissa_sum", 24 0, v0000024d9e274520_0;  1 drivers
v0000024d9e303940_0 .net "add_new_exponent", 7 0, v0000024d9e2a40d0_0;  1 drivers
v0000024d9e3039e0_0 .var "busy_1", 0 0;
v0000024d9e304f90_0 .var "busy_2", 0 0;
v0000024d9e304db0_0 .var "busy_3", 0 0;
v0000024d9e305a30_0 .net "cas_new_exponent", 7 0, v0000024d9e303f80_0;  1 drivers
v0000024d9e305030_0 .net "cas_shifted_mantissa_1", 23 0, v0000024d9e303b20_0;  1 drivers
v0000024d9e305df0_0 .net "cas_shifted_mantissa_2", 23 0, v0000024d9e3031c0_0;  1 drivers
v0000024d9e305ad0_0 .net "clk", 0 0, v0000024d9e304630_0;  1 drivers
v0000024d9e305b70_0 .net "done_1", 0 0, v0000024d9e303e40_0;  1 drivers
v0000024d9e3055d0_0 .net "done_2", 0 0, v0000024d9e226cc0_0;  1 drivers
v0000024d9e304090_0 .net "done_3", 0 0, v0000024d9e303260_0;  1 drivers
v0000024d9e305f30_0 .net "en", 0 0, v0000024d9e305990_0;  1 drivers
v0000024d9e305e90_0 .var "exponent_1", 7 0;
v0000024d9e305530_0 .var "exponent_2", 7 0;
v0000024d9e304310_0 .net "exponent_final", 7 0, v0000024d9e3033a0_0;  1 drivers
v0000024d9e304e50_0 .var "mantissa_1", 23 0;
v0000024d9e305c10_0 .var "mantissa_2", 23 0;
v0000024d9e3050d0_0 .net "mantissa_final", 23 0, v0000024d9e303300_0;  1 drivers
v0000024d9e304130_0 .var "mantissa_sum", 24 0;
v0000024d9e305cb0_0 .var "new_exponent", 7 0;
v0000024d9e304ef0_0 .net "operand_1", 31 0, v0000024d9e3044f0_0;  alias, 1 drivers
v0000024d9e304270_0 .net "operand_2", 31 0, v0000024d9e304590_0;  alias, 1 drivers
o0000024d9e2acc38 .functor BUFZ 1, C4<z>; HiZ drive
v0000024d9e305170_0 .net "reset", 0 0, o0000024d9e2acc38;  0 drivers
v0000024d9e3046d0_0 .var "shifted_mantissa_1", 23 0;
v0000024d9e3058f0_0 .var "shifted_mantissa_2", 23 0;
v0000024d9e305670_0 .var "sum", 31 0;
v0000024d9e305d50_0 .var "tmp_new_exponent", 7 0;
S_0000024d9e22e9a0 .scope module, "add" "addition" 2 212, 2 138 0, S_0000024d9e22e810;
 .timescale 0 0;
    .port_info 0 /INPUT 24 "shifted_mantissa_1";
    .port_info 1 /INPUT 24 "shifted_mantissa_2";
    .port_info 2 /INPUT 8 "tmp_new_exponent";
    .port_info 3 /INPUT 1 "clk";
    .port_info 4 /INPUT 1 "reset";
    .port_info 5 /OUTPUT 25 "mantissa_sum";
    .port_info 6 /OUTPUT 8 "add_new_exponent";
    .port_info 7 /OUTPUT 1 "done_2";
v0000024d9e2a40d0_0 .var "add_new_exponent", 7 0;
v0000024d9e226ee0_0 .net "clk", 0 0, v0000024d9e304630_0;  alias, 1 drivers
v0000024d9e226cc0_0 .var "done_2", 0 0;
v0000024d9e274520_0 .var "mantissa_sum", 24 0;
v0000024d9e2a9640_0 .net "reset", 0 0, o0000024d9e2acc38;  alias, 0 drivers
v0000024d9e303a80_0 .net "shifted_mantissa_1", 23 0, v0000024d9e3046d0_0;  1 drivers
v0000024d9e303bc0_0 .net "shifted_mantissa_2", 23 0, v0000024d9e3058f0_0;  1 drivers
v0000024d9e303120_0 .net "tmp_new_exponent", 7 0, v0000024d9e305d50_0;  1 drivers
E_0000024d9e2a8c50 .event posedge, v0000024d9e226ee0_0;
S_0000024d9e28d5c0 .scope module, "cas" "compandshift" 2 211, 2 99 0, S_0000024d9e22e810;
 .timescale 0 0;
    .port_info 0 /INPUT 24 "cas_mantissa_1";
    .port_info 1 /INPUT 24 "cas_mantissa_2";
    .port_info 2 /INPUT 8 "cas_exponent_1";
    .port_info 3 /INPUT 8 "cas_exponent_2";
    .port_info 4 /INPUT 1 "clk";
    .port_info 5 /INPUT 1 "reset";
    .port_info 6 /OUTPUT 24 "cas_shifted_mantissa_1";
    .port_info 7 /OUTPUT 24 "cas_shifted_mantissa_2";
    .port_info 8 /OUTPUT 8 "cas_new_exponent";
    .port_info 9 /OUTPUT 1 "done_1";
v0000024d9e3038a0_0 .net "cas_exponent_1", 7 0, v0000024d9e305e90_0;  1 drivers
v0000024d9e303c60_0 .net "cas_exponent_2", 7 0, v0000024d9e305530_0;  1 drivers
v0000024d9e303800_0 .net "cas_mantissa_1", 23 0, v0000024d9e304e50_0;  1 drivers
v0000024d9e303d00_0 .net "cas_mantissa_2", 23 0, v0000024d9e305c10_0;  1 drivers
v0000024d9e303f80_0 .var "cas_new_exponent", 7 0;
v0000024d9e303b20_0 .var "cas_shifted_mantissa_1", 23 0;
v0000024d9e3031c0_0 .var "cas_shifted_mantissa_2", 23 0;
v0000024d9e303da0_0 .net "clk", 0 0, v0000024d9e304630_0;  alias, 1 drivers
v0000024d9e303760_0 .var "diff", 7 0;
v0000024d9e303e40_0 .var "done_1", 0 0;
v0000024d9e303ee0_0 .net "reset", 0 0, o0000024d9e2acc38;  alias, 0 drivers
S_0000024d9e28d750 .scope module, "normalise" "normalisation" 2 213, 2 160 0, S_0000024d9e22e810;
 .timescale 0 0;
    .port_info 0 /INPUT 25 "mantissa_sum";
    .port_info 1 /INPUT 8 "new_exponent";
    .port_info 2 /INPUT 1 "clk";
    .port_info 3 /INPUT 1 "reset";
    .port_info 4 /OUTPUT 24 "mantissa_final";
    .port_info 5 /OUTPUT 8 "exponent_final";
    .port_info 6 /OUTPUT 1 "done_3";
v0000024d9e303080_0 .net "clk", 0 0, v0000024d9e304630_0;  alias, 1 drivers
v0000024d9e303260_0 .var "done_3", 0 0;
v0000024d9e3033a0_0 .var "exponent_final", 7 0;
v0000024d9e303300_0 .var "mantissa_final", 23 0;
v0000024d9e303620_0 .net "mantissa_sum", 24 0, v0000024d9e304130_0;  1 drivers
v0000024d9e303440_0 .net "new_exponent", 7 0, v0000024d9e305cb0_0;  1 drivers
v0000024d9e3034e0_0 .net "reset", 0 0, o0000024d9e2acc38;  alias, 0 drivers
v0000024d9e303580_0 .var "rst", 0 0;
S_0000024d9e29d0a0 .scope module, "ram" "ram_4" 2 74, 2 30 0, S_0000024d9e2266a0;
 .timescale 0 0;
    .port_info 0 /INPUT 32 "in";
    .port_info 1 /INPUT 2 "addr";
    .port_info 2 /INPUT 1 "RW";
    .port_info 3 /INPUT 1 "OE";
    .port_info 4 /OUTPUT 32 "out";
v0000024d9e304810_0 .net "OE", 0 0, v0000024d9e3049f0_0;  1 drivers
v0000024d9e305210_0 .net "RW", 0 0, v0000024d9e304d10_0;  1 drivers
v0000024d9e304a90_0 .net "addr", 1 0, L_0000024d9e307a00;  alias, 1 drivers
v0000024d9e304bd0 .array "data", 0 3, 31 0;
v0000024d9e3052b0_0 .net "in", 31 0, v0000024d9e305670_0;  alias, 1 drivers
v0000024d9e305350_0 .var "out", 31 0;
E_0000024d9e2a8690 .event anyedge, v0000024d9e304810_0, v0000024d9e305210_0, v0000024d9e304a90_0, v0000024d9e305670_0;
S_0000024d9e29d230 .scope module, "rom1" "rom_8" 2 72, 2 1 0, S_0000024d9e2266a0;
 .timescale 0 0;
    .port_info 0 /INPUT 3 "addr";
    .port_info 1 /INPUT 1 "OE";
    .port_info 2 /OUTPUT 32 "out";
v0000024d9e304b30_0 .net "OE", 0 0, v0000024d9e307f00_0;  1 drivers
v0000024d9e3041d0_0 .net "addr", 2 0, v0000024d9e308e00_0;  1 drivers
v0000024d9e3053f0 .array "data", 0 7, 31 0;
v0000024d9e3044f0_0 .var "out", 31 0;
E_0000024d9e2a8c90 .event anyedge, v0000024d9e304b30_0, v0000024d9e3041d0_0;
S_0000024d9e27a4b0 .scope module, "rom2" "rom_8" 2 73, 2 1 0, S_0000024d9e2266a0;
 .timescale 0 0;
    .port_info 0 /INPUT 3 "addr";
    .port_info 1 /INPUT 1 "OE";
    .port_info 2 /OUTPUT 32 "out";
v0000024d9e3043b0_0 .net "OE", 0 0, v0000024d9e307f00_0;  alias, 1 drivers
v0000024d9e3048b0_0 .net "addr", 2 0, L_0000024d9e3082c0;  1 drivers
v0000024d9e304450 .array "data", 0 7, 31 0;
v0000024d9e304590_0 .var "out", 31 0;
E_0000024d9e2a9190 .event anyedge, v0000024d9e304b30_0, v0000024d9e3048b0_0;
    .scope S_0000024d9e29d230;
T_0 ;
    %pushi/vec4 159820648, 0, 32;
    %ix/load 4, 0, 0;
    %flag_set/imm 4, 0;
    %store/vec4a v0000024d9e3053f0, 4, 0;
    %pushi/vec4 272128937, 0, 32;
    %ix/load 4, 1, 0;
    %flag_set/imm 4, 0;
    %store/vec4a v0000024d9e3053f0, 4, 0;
    %pushi/vec4 1065353216, 0, 32;
    %ix/load 4, 2, 0;
    %flag_set/imm 4, 0;
    %store/vec4a v0000024d9e3053f0, 4, 0;
    %pushi/vec4 1048576000, 0, 32;
    %ix/load 4, 3, 0;
    %flag_set/imm 4, 0;
    %store/vec4a v0000024d9e3053f0, 4, 0;
    %pushi/vec4 1077936128, 0, 32;
    %ix/load 4, 4, 0;
    %flag_set/imm 4, 0;
    %store/vec4a v0000024d9e3053f0, 4, 0;
    %pushi/vec4 1092616192, 0, 32;
    %ix/load 4, 5, 0;
    %flag_set/imm 4, 0;
    %store/vec4a v0000024d9e3053f0, 4, 0;
    %pushi/vec4 1050673152, 0, 32;
    %ix/load 4, 6, 0;
    %flag_set/imm 4, 0;
    %store/vec4a v0000024d9e3053f0, 4, 0;
    %pushi/vec4 1063256064, 0, 32;
    %ix/load 4, 7, 0;
    %flag_set/imm 4, 0;
    %store/vec4a v0000024d9e3053f0, 4, 0;
    %end;
    .thread T_0;
    .scope S_0000024d9e29d230;
T_1 ;
    %wait E_0000024d9e2a8c90;
    %load/vec4 v0000024d9e304b30_0;
    %cmpi/e 1, 0, 1;
    %jmp/0xz  T_1.0, 4;
    %load/vec4 v0000024d9e3041d0_0;
    %pad/u 5;
    %ix/vec4 4;
    %load/vec4a v0000024d9e3053f0, 4;
    %store/vec4 v0000024d9e3044f0_0, 0, 32;
    %jmp T_1.1;
T_1.0 ;
    %pushi/vec4 0, 4294967295, 32;
    %store/vec4 v0000024d9e3044f0_0, 0, 32;
T_1.1 ;
    %jmp T_1;
    .thread T_1, $push;
    .scope S_0000024d9e27a4b0;
T_2 ;
    %pushi/vec4 159820648, 0, 32;
    %ix/load 4, 0, 0;
    %flag_set/imm 4, 0;
    %store/vec4a v0000024d9e304450, 4, 0;
    %pushi/vec4 272128937, 0, 32;
    %ix/load 4, 1, 0;
    %flag_set/imm 4, 0;
    %store/vec4a v0000024d9e304450, 4, 0;
    %pushi/vec4 1065353216, 0, 32;
    %ix/load 4, 2, 0;
    %flag_set/imm 4, 0;
    %store/vec4a v0000024d9e304450, 4, 0;
    %pushi/vec4 1048576000, 0, 32;
    %ix/load 4, 3, 0;
    %flag_set/imm 4, 0;
    %store/vec4a v0000024d9e304450, 4, 0;
    %pushi/vec4 1077936128, 0, 32;
    %ix/load 4, 4, 0;
    %flag_set/imm 4, 0;
    %store/vec4a v0000024d9e304450, 4, 0;
    %pushi/vec4 1092616192, 0, 32;
    %ix/load 4, 5, 0;
    %flag_set/imm 4, 0;
    %store/vec4a v0000024d9e304450, 4, 0;
    %pushi/vec4 1050673152, 0, 32;
    %ix/load 4, 6, 0;
    %flag_set/imm 4, 0;
    %store/vec4a v0000024d9e304450, 4, 0;
    %pushi/vec4 1063256064, 0, 32;
    %ix/load 4, 7, 0;
    %flag_set/imm 4, 0;
    %store/vec4a v0000024d9e304450, 4, 0;
    %end;
    .thread T_2;
    .scope S_0000024d9e27a4b0;
T_3 ;
    %wait E_0000024d9e2a9190;
    %load/vec4 v0000024d9e3043b0_0;
    %cmpi/e 1, 0, 1;
    %jmp/0xz  T_3.0, 4;
    %load/vec4 v0000024d9e3048b0_0;
    %pad/u 5;
    %ix/vec4 4;
    %load/vec4a v0000024d9e304450, 4;
    %store/vec4 v0000024d9e304590_0, 0, 32;
    %jmp T_3.1;
T_3.0 ;
    %pushi/vec4 0, 4294967295, 32;
    %store/vec4 v0000024d9e304590_0, 0, 32;
T_3.1 ;
    %jmp T_3;
    .thread T_3, $push;
    .scope S_0000024d9e29d0a0;
T_4 ;
    %wait E_0000024d9e2a8690;
    %load/vec4 v0000024d9e305210_0;
    %cmpi/e 0, 0, 1;
    %flag_get/vec4 4;
    %jmp/0 T_4.2, 4;
    %load/vec4 v0000024d9e304810_0;
    %pushi/vec4 1, 0, 1;
    %cmp/e;
    %flag_get/vec4 4;
    %and;
T_4.2;
    %flag_set/vec4 8;
    %jmp/0xz  T_4.0, 8;
    %load/vec4 v0000024d9e304a90_0;
    %pad/u 4;
    %ix/vec4 4;
    %load/vec4a v0000024d9e304bd0, 4;
    %store/vec4 v0000024d9e305350_0, 0, 32;
    %jmp T_4.1;
T_4.0 ;
    %pushi/vec4 0, 4294967295, 32;
    %store/vec4 v0000024d9e305350_0, 0, 32;
T_4.1 ;
    %load/vec4 v0000024d9e305210_0;
    %cmpi/e 1, 0, 1;
    %jmp/0xz  T_4.3, 4;
    %load/vec4 v0000024d9e3052b0_0;
    %load/vec4 v0000024d9e304a90_0;
    %pad/u 4;
    %ix/vec4 4;
    %store/vec4a v0000024d9e304bd0, 4, 0;
T_4.3 ;
    %jmp T_4;
    .thread T_4, $push;
    .scope S_0000024d9e28d5c0;
T_5 ;
    %pushi/vec4 0, 0, 1;
    %store/vec4 v0000024d9e303e40_0, 0, 1;
    %end;
    .thread T_5;
    .scope S_0000024d9e28d5c0;
T_6 ;
    %wait E_0000024d9e2a8c50;
    %load/vec4 v0000024d9e3038a0_0;
    %load/vec4 v0000024d9e303c60_0;
    %cmp/e;
    %jmp/0xz  T_6.0, 4;
    %load/vec4 v0000024d9e303800_0;
    %assign/vec4 v0000024d9e303b20_0, 0;
    %load/vec4 v0000024d9e303d00_0;
    %assign/vec4 v0000024d9e3031c0_0, 0;
    %load/vec4 v0000024d9e3038a0_0;
    %addi 1, 0, 8;
    %assign/vec4 v0000024d9e303f80_0, 0;
    %pushi/vec4 1, 0, 1;
    %assign/vec4 v0000024d9e303e40_0, 0;
    %jmp T_6.1;
T_6.0 ;
    %load/vec4 v0000024d9e303c60_0;
    %load/vec4 v0000024d9e3038a0_0;
    %cmp/u;
    %jmp/0xz  T_6.2, 5;
    %load/vec4 v0000024d9e3038a0_0;
    %load/vec4 v0000024d9e303c60_0;
    %sub;
    %store/vec4 v0000024d9e303760_0, 0, 8;
    %load/vec4 v0000024d9e303800_0;
    %assign/vec4 v0000024d9e303b20_0, 0;
    %load/vec4 v0000024d9e303d00_0;
    %ix/getv 4, v0000024d9e303760_0;
    %shiftr 4;
    %assign/vec4 v0000024d9e3031c0_0, 0;
    %load/vec4 v0000024d9e3038a0_0;
    %addi 1, 0, 8;
    %assign/vec4 v0000024d9e303f80_0, 0;
    %pushi/vec4 1, 0, 1;
    %assign/vec4 v0000024d9e303e40_0, 0;
    %jmp T_6.3;
T_6.2 ;
    %load/vec4 v0000024d9e3038a0_0;
    %load/vec4 v0000024d9e303c60_0;
    %cmp/u;
    %jmp/0xz  T_6.4, 5;
    %load/vec4 v0000024d9e303c60_0;
    %load/vec4 v0000024d9e3038a0_0;
    %sub;
    %store/vec4 v0000024d9e303760_0, 0, 8;
    %load/vec4 v0000024d9e303d00_0;
    %assign/vec4 v0000024d9e3031c0_0, 0;
    %load/vec4 v0000024d9e303800_0;
    %ix/getv 4, v0000024d9e303760_0;
    %shiftr 4;
    %assign/vec4 v0000024d9e303b20_0, 0;
    %load/vec4 v0000024d9e303c60_0;
    %addi 1, 0, 8;
    %assign/vec4 v0000024d9e303f80_0, 0;
    %pushi/vec4 1, 0, 1;
    %assign/vec4 v0000024d9e303e40_0, 0;
T_6.4 ;
T_6.3 ;
T_6.1 ;
    %jmp T_6;
    .thread T_6;
    .scope S_0000024d9e22e9a0;
T_7 ;
    %pushi/vec4 0, 0, 1;
    %store/vec4 v0000024d9e226cc0_0, 0, 1;
    %end;
    .thread T_7;
    .scope S_0000024d9e22e9a0;
T_8 ;
    %wait E_0000024d9e2a8c50;
    %load/vec4 v0000024d9e303a80_0;
    %pad/u 25;
    %load/vec4 v0000024d9e303bc0_0;
    %pad/u 25;
    %add;
    %assign/vec4 v0000024d9e274520_0, 0;
    %load/vec4 v0000024d9e303120_0;
    %assign/vec4 v0000024d9e2a40d0_0, 0;
    %load/vec4 v0000024d9e274520_0;
    %load/vec4 v0000024d9e303a80_0;
    %pad/u 25;
    %load/vec4 v0000024d9e303bc0_0;
    %pad/u 25;
    %add;
    %cmp/e;
    %jmp/0xz  T_8.0, 4;
    %pushi/vec4 1, 0, 1;
    %assign/vec4 v0000024d9e226cc0_0, 0;
T_8.0 ;
    %jmp T_8;
    .thread T_8;
    .scope S_0000024d9e28d750;
T_9 ;
    %pushi/vec4 0, 0, 1;
    %store/vec4 v0000024d9e303260_0, 0, 1;
    %pushi/vec4 0, 0, 1;
    %store/vec4 v0000024d9e303580_0, 0, 1;
    %end;
    .thread T_9;
    .scope S_0000024d9e28d750;
T_10 ;
    %wait E_0000024d9e2a8c50;
    %load/vec4 v0000024d9e303580_0;
    %pad/u 32;
    %cmpi/e 0, 0, 32;
    %jmp/0xz  T_10.0, 4;
    %load/vec4 v0000024d9e303620_0;
    %parti/s 24, 1, 2;
    %assign/vec4 v0000024d9e303300_0, 0;
    %load/vec4 v0000024d9e303440_0;
    %assign/vec4 v0000024d9e3033a0_0, 0;
    %load/vec4 v0000024d9e303300_0;
    %load/vec4 v0000024d9e303620_0;
    %parti/s 24, 1, 2;
    %cmp/e;
    %jmp/0xz  T_10.2, 4;
    %pushi/vec4 1, 0, 1;
    %assign/vec4 v0000024d9e303580_0, 0;
T_10.2 ;
    %jmp T_10.1;
T_10.0 ;
    %pushi/vec4 24, 0, 32;
T_10.4 %dup/vec4;
    %pushi/vec4 0, 0, 32;
    %cmp/s;
    %jmp/1xz T_10.5, 5;
    %jmp/1 T_10.5, 4;
    %pushi/vec4 1, 0, 32;
    %sub;
    %load/vec4 v0000024d9e303300_0;
    %parti/s 1, 23, 6;
    %pad/u 32;
    %cmpi/e 0, 0, 32;
    %jmp/0xz  T_10.6, 4;
    %load/vec4 v0000024d9e303300_0;
    %ix/load 4, 1, 0;
    %flag_set/imm 4, 0;
    %shiftl 4;
    %assign/vec4 v0000024d9e303300_0, 0;
    %load/vec4 v0000024d9e3033a0_0;
    %subi 1, 0, 8;
    %assign/vec4 v0000024d9e3033a0_0, 0;
    %jmp T_10.7;
T_10.6 ;
    %pushi/vec4 1, 0, 1;
    %assign/vec4 v0000024d9e303260_0, 0;
    %pushi/vec4 0, 0, 1;
    %assign/vec4 v0000024d9e303580_0, 0;
T_10.7 ;
    %jmp T_10.4;
T_10.5 ;
    %pop/vec4 1;
T_10.1 ;
    %jmp T_10;
    .thread T_10;
    .scope S_0000024d9e22e810;
T_11 ;
    %pushi/vec4 0, 4294967295, 32;
    %store/vec4 v0000024d9e305670_0, 0, 32;
    %pushi/vec4 0, 0, 1;
    %store/vec4 v0000024d9e3039e0_0, 0, 1;
    %pushi/vec4 0, 0, 1;
    %store/vec4 v0000024d9e304f90_0, 0, 1;
    %pushi/vec4 0, 0, 1;
    %store/vec4 v0000024d9e304db0_0, 0, 1;
    %end;
    .thread T_11;
    .scope S_0000024d9e22e810;
T_12 ;
    %wait E_0000024d9e2a8c50;
    %load/vec4 v0000024d9e304ef0_0;
    %cmpi/e 0, 0, 32;
    %jmp/0xz  T_12.0, 6;
    %load/vec4 v0000024d9e304270_0;
    %assign/vec4 v0000024d9e305670_0, 0;
    %jmp T_12.1;
T_12.0 ;
    %load/vec4 v0000024d9e304270_0;
    %cmpi/e 0, 0, 32;
    %jmp/0xz  T_12.2, 6;
    %load/vec4 v0000024d9e304ef0_0;
    %assign/vec4 v0000024d9e305670_0, 0;
    %jmp T_12.3;
T_12.2 ;
    %load/vec4 v0000024d9e3039e0_0;
    %pad/u 32;
    %pushi/vec4 0, 0, 32;
    %cmp/e;
    %flag_get/vec4 4;
    %load/vec4 v0000024d9e305f30_0;
    %pad/u 32;
    %pushi/vec4 1, 0, 32;
    %cmp/e;
    %flag_get/vec4 4;
    %and;
    %flag_set/vec4 8;
    %jmp/0xz  T_12.4, 8;
    %load/vec4 v0000024d9e304ef0_0;
    %parti/s 8, 23, 6;
    %assign/vec4 v0000024d9e305e90_0, 0;
    %load/vec4 v0000024d9e304270_0;
    %parti/s 8, 23, 6;
    %assign/vec4 v0000024d9e305530_0, 0;
    %pushi/vec4 1, 0, 1;
    %load/vec4 v0000024d9e304ef0_0;
    %parti/s 23, 0, 2;
    %concat/vec4; draw_concat_vec4
    %assign/vec4 v0000024d9e304e50_0, 0;
    %pushi/vec4 1, 0, 1;
    %load/vec4 v0000024d9e304270_0;
    %parti/s 23, 0, 2;
    %concat/vec4; draw_concat_vec4
    %assign/vec4 v0000024d9e305c10_0, 0;
    %pushi/vec4 1, 0, 1;
    %assign/vec4 v0000024d9e3039e0_0, 0;
    %jmp T_12.5;
T_12.4 ;
    %load/vec4 v0000024d9e305b70_0;
    %pad/u 32;
    %cmpi/e 1, 0, 32;
    %flag_get/vec4 4;
    %jmp/0 T_12.8, 4;
    %load/vec4 v0000024d9e304f90_0;
    %pad/u 32;
    %pushi/vec4 0, 0, 32;
    %cmp/e;
    %flag_get/vec4 4;
    %and;
T_12.8;
    %flag_set/vec4 8;
    %jmp/0xz  T_12.6, 8;
    %load/vec4 v0000024d9e305030_0;
    %assign/vec4 v0000024d9e3046d0_0, 0;
    %load/vec4 v0000024d9e305df0_0;
    %assign/vec4 v0000024d9e3058f0_0, 0;
    %load/vec4 v0000024d9e305a30_0;
    %assign/vec4 v0000024d9e305d50_0, 0;
    %pushi/vec4 0, 0, 1;
    %assign/vec4 v0000024d9e3039e0_0, 0;
    %pushi/vec4 1, 0, 1;
    %assign/vec4 v0000024d9e304f90_0, 0;
    %jmp T_12.7;
T_12.6 ;
    %load/vec4 v0000024d9e3055d0_0;
    %pad/u 32;
    %cmpi/e 1, 0, 32;
    %flag_get/vec4 4;
    %jmp/0 T_12.11, 4;
    %load/vec4 v0000024d9e304db0_0;
    %pad/u 32;
    %pushi/vec4 0, 0, 32;
    %cmp/e;
    %flag_get/vec4 4;
    %and;
T_12.11;
    %flag_set/vec4 8;
    %jmp/0xz  T_12.9, 8;
    %load/vec4 v0000024d9e3036c0_0;
    %assign/vec4 v0000024d9e304130_0, 0;
    %load/vec4 v0000024d9e303940_0;
    %assign/vec4 v0000024d9e305cb0_0, 0;
    %pushi/vec4 0, 0, 1;
    %assign/vec4 v0000024d9e304f90_0, 0;
    %pushi/vec4 1, 0, 1;
    %assign/vec4 v0000024d9e304db0_0, 0;
    %jmp T_12.10;
T_12.9 ;
    %load/vec4 v0000024d9e304090_0;
    %pad/u 32;
    %cmpi/e 1, 0, 32;
    %jmp/0xz  T_12.12, 4;
    %load/vec4 v0000024d9e304ef0_0;
    %parti/s 1, 31, 6;
    %load/vec4 v0000024d9e304310_0;
    %concat/vec4; draw_concat_vec4
    %load/vec4 v0000024d9e3050d0_0;
    %parti/s 23, 0, 2;
    %concat/vec4; draw_concat_vec4
    %assign/vec4 v0000024d9e305670_0, 0;
    %pushi/vec4 0, 0, 1;
    %assign/vec4 v0000024d9e304db0_0, 0;
    %vpi_call 2 253 "$display", "sum:%b", v0000024d9e305670_0 {0 0 0};
T_12.12 ;
T_12.10 ;
T_12.7 ;
T_12.5 ;
T_12.3 ;
T_12.1 ;
    %jmp T_12;
    .thread T_12;
    .scope S_0000024d9e2266a0;
T_13 ;
    %pushi/vec4 1, 0, 1;
    %store/vec4 v0000024d9e304630_0, 0, 1;
    %pushi/vec4 0, 0, 3;
    %store/vec4 v0000024d9e308e00_0, 0, 3;
    %end;
    .thread T_13;
    .scope S_0000024d9e2266a0;
T_14 ;
    %delay 1, 0;
    %load/vec4 v0000024d9e304630_0;
    %inv;
    %store/vec4 v0000024d9e304630_0, 0, 1;
    %jmp T_14;
    .thread T_14;
    .scope S_0000024d9e2266a0;
T_15 ;
    %pushi/vec4 0, 0, 3;
    %store/vec4 v0000024d9e308e00_0, 0, 3;
    %pushi/vec4 0, 0, 2;
    %store/vec4 v0000024d9e304770_0, 0, 2;
    %pushi/vec4 1, 0, 1;
    %store/vec4 v0000024d9e307f00_0, 0, 1;
    %pushi/vec4 0, 0, 2;
    %store/vec4 v0000024d9e304770_0, 0, 2;
T_15.0 ;
    %load/vec4 v0000024d9e304770_0;
    %cmpi/u 3, 0, 2;
    %jmp/0xz T_15.1, 5;
    %pushi/vec4 1, 0, 1;
    %store/vec4 v0000024d9e305990_0, 0, 1;
    %pushi/vec4 1, 0, 1;
    %store/vec4 v0000024d9e304d10_0, 0, 1;
    %delay 50, 0;
    %load/vec4 v0000024d9e308e00_0;
    %addi 2, 0, 3;
    %store/vec4 v0000024d9e308e00_0, 0, 3;
    %delay 50, 0;
    %pushi/vec4 0, 0, 1;
    %store/vec4 v0000024d9e304d10_0, 0, 1;
    %delay 50, 0;
    %pushi/vec4 0, 0, 1;
    %store/vec4 v0000024d9e305990_0, 0, 1;
    %load/vec4 v0000024d9e304770_0;
    %addi 1, 0, 2;
    %store/vec4 v0000024d9e304770_0, 0, 2;
    %jmp T_15.0;
T_15.1 ;
    %pushi/vec4 1, 0, 1;
    %store/vec4 v0000024d9e304950_0, 0, 1;
    %pushi/vec4 1, 0, 1;
    %store/vec4 v0000024d9e3049f0_0, 0, 1;
    %pushi/vec4 0, 0, 1;
    %store/vec4 v0000024d9e304d10_0, 0, 1;
    %end;
    .thread T_15;
    .scope S_0000024d9e226510;
T_16 ;
    %pushi/vec4 0, 0, 1;
    %store/vec4 v0000024d9e308a40_0, 0, 1;
T_16.0 ;
    %delay 1, 0;
    %load/vec4 v0000024d9e308a40_0;
    %inv;
    %store/vec4 v0000024d9e308a40_0, 0, 1;
    %jmp T_16.0;
    %end;
    .thread T_16;
    .scope S_0000024d9e226510;
T_17 ;
    %vpi_call 2 271 "$dumpfile", "fpa_tb.vcd" {0 0 0};
    %vpi_call 2 272 "$dumpvars", 32'sb00000000000000000000000000000000, S_0000024d9e226510 {0 0 0};
    %delay 500, 0;
    %vpi_call 2 273 "$finish" {0 0 0};
    %end;
    .thread T_17;
# The file index is used to find the file name in the following table.
:file_names 3;
    "N/A";
    "<interactive>";
    "float.v";
