#! /c/Source/iverilog-install/bin/vvp
:ivl_version "12.0 (devel)" "(s20150603-1539-g2693dd32b)";
:ivl_delay_selection "TYPICAL";
:vpi_time_precision + 0;
:vpi_module "C:\iverilog\lib\ivl\system.vpi";
:vpi_module "C:\iverilog\lib\ivl\vhdl_sys.vpi";
:vpi_module "C:\iverilog\lib\ivl\vhdl_textio.vpi";
:vpi_module "C:\iverilog\lib\ivl\v2005_math.vpi";
:vpi_module "C:\iverilog\lib\ivl\va_math.vpi";
S_000002692a55a960 .scope module, "romram1" "romram1" 2 38;
 .timescale 0 0;
    .port_info 0 /OUTPUT 16 "out";
    .port_info 1 /OUTPUT 1 "done";
v000002692a550190_0 .var "done", 0 0;
v000002692a54fe70_0 .net "out", 15 0, v000002692a550730_0;  1 drivers
v000002692a54ff10_0 .var "rw", 0 0;
v000002692a550870_0 .net "w1", 15 0, v000002692a54fdd0_0;  1 drivers
S_000002692a557fe0 .scope module, "ram" "ram_4" 2 47, 2 17 0, S_000002692a55a960;
 .timescale 0 0;
    .port_info 0 /OUTPUT 16 "out";
    .port_info 1 /INPUT 16 "in";
    .port_info 2 /INPUT 2 "addr";
    .port_info 3 /INPUT 1 "RW";
    .port_info 4 /INPUT 1 "CS";
L_000002692a5b9110 .functor BUFT 1, C4<1>, C4<0>, C4<0>, C4<0>;
v000002692a54fbf0_0 .net "CS", 0 0, L_000002692a5b9110;  1 drivers
v000002692a550410_0 .net "RW", 0 0, v000002692a54ff10_0;  1 drivers
L_000002692a5b90c8 .functor BUFT 1, C4<11>, C4<0>, C4<0>, C4<0>;
v000002692a5502d0_0 .net "addr", 1 0, L_000002692a5b90c8;  1 drivers
v000002692a550050 .array "data", 0 3, 15 0;
v000002692a550690_0 .var/i "i", 31 0;
v000002692a5505f0_0 .net "in", 15 0, v000002692a54fdd0_0;  alias, 1 drivers
v000002692a550730_0 .var "out", 15 0;
E_000002692a548950 .event anyedge, v000002692a550410_0, v000002692a54fbf0_0, v000002692a5502d0_0;
S_000002692a554400 .scope module, "rom" "rom_16" 2 45, 2 1 0, S_000002692a55a960;
 .timescale 0 0;
    .port_info 0 /OUTPUT 16 "out";
    .port_info 1 /INPUT 4 "addr";
    .port_info 2 /INPUT 1 "CS";
L_000002692a5b9080 .functor BUFT 1, C4<1>, C4<0>, C4<0>, C4<0>;
v000002692a54fc90_0 .net "CS", 0 0, L_000002692a5b9080;  1 drivers
L_000002692a5b9038 .functor BUFT 1, C4<1111>, C4<0>, C4<0>, C4<0>;
v000002692a54fd30_0 .net "addr", 3 0, L_000002692a5b9038;  1 drivers
v000002692a5507d0 .array "data", 0 15, 15 0;
v000002692a5500f0_0 .var/i "i", 31 0;
v000002692a54fdd0_0 .var "out", 15 0;
E_000002692a548190 .event anyedge, v000002692a54fc90_0, v000002692a54fd30_0;
S_000002692a55aaf0 .scope module, "romram2" "romram2" 2 58;
 .timescale 0 0;
    .port_info 0 /OUTPUT 16 "soma";
    .port_info 1 /OUTPUT 1 "comp";
    .port_info 2 /OUTPUT 1 "done";
v000002692a5b7070_0 .var "aux", 15 0;
v000002692a5b8e70_0 .var "comp", 0 0;
v000002692a5b8c90_0 .var "done", 0 0;
v000002692a5b8d30_0 .var "i", 3 0;
v000002692a5b7890_0 .net "outram", 15 0, v000002692a550230_0;  1 drivers
v000002692a5b8bf0_0 .net "outrom", 15 0, v000002692a5b80b0_0;  1 drivers
v000002692a5b8f10_0 .var "rw", 0 0;
v000002692a5b8510_0 .var "soma", 15 0;
S_000002692a558170 .scope module, "ram" "ram_4" 2 69, 2 17 0, S_000002692a55aaf0;
 .timescale 0 0;
    .port_info 0 /OUTPUT 16 "out";
    .port_info 1 /INPUT 16 "in";
    .port_info 2 /INPUT 2 "addr";
    .port_info 3 /INPUT 1 "RW";
    .port_info 4 /INPUT 1 "CS";
L_000002692a5b91e8 .functor BUFT 1, C4<1>, C4<0>, C4<0>, C4<0>;
v000002692a550910_0 .net "CS", 0 0, L_000002692a5b91e8;  1 drivers
v000002692a5509b0_0 .net "RW", 0 0, v000002692a5b8f10_0;  1 drivers
L_000002692a5b91a0 .functor BUFT 1, C4<01>, C4<0>, C4<0>, C4<0>;
v000002692a550a50_0 .net "addr", 1 0, L_000002692a5b91a0;  1 drivers
v000002692a550550 .array "data", 0 3, 15 0;
v000002692a550af0_0 .var/i "i", 31 0;
v000002692a54ffb0_0 .net "in", 15 0, v000002692a5b7070_0;  1 drivers
v000002692a550230_0 .var "out", 15 0;
E_000002692a548350 .event anyedge, v000002692a5509b0_0, v000002692a550910_0, v000002692a550a50_0;
S_000002692a406680 .scope module, "rom" "rom_16" 2 68, 2 1 0, S_000002692a55aaf0;
 .timescale 0 0;
    .port_info 0 /OUTPUT 16 "out";
    .port_info 1 /INPUT 4 "addr";
    .port_info 2 /INPUT 1 "CS";
L_000002692a5b9158 .functor BUFT 1, C4<1>, C4<0>, C4<0>, C4<0>;
v000002692a550370_0 .net "CS", 0 0, L_000002692a5b9158;  1 drivers
v000002692a5504b0_0 .net "addr", 3 0, v000002692a5b8d30_0;  1 drivers
v000002692a5b76b0 .array "data", 0 15, 15 0;
v000002692a5b7c50_0 .var/i "i", 31 0;
v000002692a5b80b0_0 .var "out", 15 0;
E_000002692a548390 .event anyedge, v000002692a550370_0, v000002692a5504b0_0;
    .scope S_000002692a554400;
T_0 ;
    %pushi/vec4 0, 0, 32;
    %store/vec4 v000002692a5500f0_0, 0, 32;
T_0.0 ;
    %load/vec4 v000002692a5500f0_0;
    %cmpi/s 15, 0, 32;
    %jmp/0xz T_0.1, 5;
    %load/vec4 v000002692a5500f0_0;
    %parti/s 16, 0, 2;
    %ix/getv/s 4, v000002692a5500f0_0;
    %store/vec4a v000002692a5507d0, 4, 0;
    ; show_stmt_assign_vector: Get l-value for compressed += operand
    %load/vec4 v000002692a5500f0_0;
    %pushi/vec4 1, 0, 32;
    %add;
    %store/vec4 v000002692a5500f0_0, 0, 32;
    %jmp T_0.0;
T_0.1 ;
    %pushi/vec4 105, 0, 16;
    %ix/load 4, 15, 0;
    %flag_set/imm 4, 0;
    %store/vec4a v000002692a5507d0, 4, 0;
    %end;
    .thread T_0;
    .scope S_000002692a554400;
T_1 ;
    %wait E_000002692a548190;
    %load/vec4 v000002692a54fd30_0;
    %pad/u 6;
    %ix/vec4 4;
    %load/vec4a v000002692a5507d0, 4;
    %store/vec4 v000002692a54fdd0_0, 0, 16;
    %jmp T_1;
    .thread T_1, $push;
    .scope S_000002692a557fe0;
T_2 ;
    %pushi/vec4 0, 0, 32;
    %store/vec4 v000002692a550690_0, 0, 32;
T_2.0 ;
    %load/vec4 v000002692a550690_0;
    %cmpi/s 4, 0, 32;
    %jmp/0xz T_2.1, 5;
    %pushi/vec4 0, 0, 16;
    %ix/getv/s 4, v000002692a550690_0;
    %store/vec4a v000002692a550050, 4, 0;
    ; show_stmt_assign_vector: Get l-value for compressed += operand
    %load/vec4 v000002692a550690_0;
    %pushi/vec4 1, 0, 32;
    %add;
    %store/vec4 v000002692a550690_0, 0, 32;
    %jmp T_2.0;
T_2.1 ;
    %end;
    .thread T_2;
    .scope S_000002692a557fe0;
T_3 ;
    %wait E_000002692a548950;
    %load/vec4 v000002692a550410_0;
    %cmpi/e 0, 0, 1;
    %jmp/0xz  T_3.0, 4;
    %load/vec4 v000002692a5502d0_0;
    %pad/u 4;
    %ix/vec4 4;
    %load/vec4a v000002692a550050, 4;
    %store/vec4 v000002692a550730_0, 0, 16;
    %jmp T_3.1;
T_3.0 ;
    %load/vec4 v000002692a550410_0;
    %cmpi/e 1, 0, 1;
    %jmp/0xz  T_3.2, 4;
    %load/vec4 v000002692a5505f0_0;
    %load/vec4 v000002692a5502d0_0;
    %pad/u 4;
    %ix/vec4 4;
    %store/vec4a v000002692a550050, 4, 0;
    %jmp T_3.3;
T_3.2 ;
    %pushi/vec4 0, 65535, 16;
    %store/vec4 v000002692a550730_0, 0, 16;
T_3.3 ;
T_3.1 ;
    %jmp T_3;
    .thread T_3, $push;
    .scope S_000002692a55a960;
T_4 ;
    %delay 1, 0;
    %pushi/vec4 1, 0, 1;
    %store/vec4 v000002692a54ff10_0, 0, 1;
    %delay 1, 0;
    %pushi/vec4 0, 0, 1;
    %store/vec4 v000002692a54ff10_0, 0, 1;
    %delay 1, 0;
    %pushi/vec4 1, 0, 1;
    %store/vec4 v000002692a550190_0, 0, 1;
    %delay 1, 0;
    %vpi_call 2 53 "$display", "romram1: out=0x%0h, done=0x%0h", v000002692a54fe70_0, v000002692a550190_0 {0 0 0};
    %end;
    .thread T_4;
    .scope S_000002692a406680;
T_5 ;
    %pushi/vec4 0, 0, 32;
    %store/vec4 v000002692a5b7c50_0, 0, 32;
T_5.0 ;
    %load/vec4 v000002692a5b7c50_0;
    %cmpi/s 15, 0, 32;
    %jmp/0xz T_5.1, 5;
    %load/vec4 v000002692a5b7c50_0;
    %parti/s 16, 0, 2;
    %ix/getv/s 4, v000002692a5b7c50_0;
    %store/vec4a v000002692a5b76b0, 4, 0;
    ; show_stmt_assign_vector: Get l-value for compressed += operand
    %load/vec4 v000002692a5b7c50_0;
    %pushi/vec4 1, 0, 32;
    %add;
    %store/vec4 v000002692a5b7c50_0, 0, 32;
    %jmp T_5.0;
T_5.1 ;
    %pushi/vec4 105, 0, 16;
    %ix/load 4, 15, 0;
    %flag_set/imm 4, 0;
    %store/vec4a v000002692a5b76b0, 4, 0;
    %end;
    .thread T_5;
    .scope S_000002692a406680;
T_6 ;
    %wait E_000002692a548390;
    %load/vec4 v000002692a5504b0_0;
    %pad/u 6;
    %ix/vec4 4;
    %load/vec4a v000002692a5b76b0, 4;
    %store/vec4 v000002692a5b80b0_0, 0, 16;
    %jmp T_6;
    .thread T_6, $push;
    .scope S_000002692a558170;
T_7 ;
    %pushi/vec4 0, 0, 32;
    %store/vec4 v000002692a550af0_0, 0, 32;
T_7.0 ;
    %load/vec4 v000002692a550af0_0;
    %cmpi/s 4, 0, 32;
    %jmp/0xz T_7.1, 5;
    %pushi/vec4 0, 0, 16;
    %ix/getv/s 4, v000002692a550af0_0;
    %store/vec4a v000002692a550550, 4, 0;
    ; show_stmt_assign_vector: Get l-value for compressed += operand
    %load/vec4 v000002692a550af0_0;
    %pushi/vec4 1, 0, 32;
    %add;
    %store/vec4 v000002692a550af0_0, 0, 32;
    %jmp T_7.0;
T_7.1 ;
    %end;
    .thread T_7;
    .scope S_000002692a558170;
T_8 ;
    %wait E_000002692a548350;
    %load/vec4 v000002692a5509b0_0;
    %cmpi/e 0, 0, 1;
    %jmp/0xz  T_8.0, 4;
    %load/vec4 v000002692a550a50_0;
    %pad/u 4;
    %ix/vec4 4;
    %load/vec4a v000002692a550550, 4;
    %store/vec4 v000002692a550230_0, 0, 16;
    %jmp T_8.1;
T_8.0 ;
    %load/vec4 v000002692a5509b0_0;
    %cmpi/e 1, 0, 1;
    %jmp/0xz  T_8.2, 4;
    %load/vec4 v000002692a54ffb0_0;
    %load/vec4 v000002692a550a50_0;
    %pad/u 4;
    %ix/vec4 4;
    %store/vec4a v000002692a550550, 4, 0;
    %jmp T_8.3;
T_8.2 ;
    %pushi/vec4 0, 65535, 16;
    %store/vec4 v000002692a550230_0, 0, 16;
T_8.3 ;
T_8.1 ;
    %jmp T_8;
    .thread T_8, $push;
    .scope S_000002692a55aaf0;
T_9 ;
    %pushi/vec4 0, 0, 16;
    %store/vec4 v000002692a5b7070_0, 0, 16;
    %delay 1, 0;
    %pushi/vec4 1, 0, 1;
    %store/vec4 v000002692a5b8f10_0, 0, 1;
    %delay 1, 0;
    %pushi/vec4 0, 0, 1;
    %store/vec4 v000002692a5b8f10_0, 0, 1;
    %pushi/vec4 0, 0, 4;
    %store/vec4 v000002692a5b8d30_0, 0, 4;
T_9.0 ;
    %load/vec4 v000002692a5b8d30_0;
    %pad/u 32;
    %cmpi/u 14, 0, 32;
    %flag_or 5, 4;
    %jmp/0xz T_9.1, 5;
    %delay 1, 0;
    %load/vec4 v000002692a5b8bf0_0;
    %load/vec4 v000002692a5b7890_0;
    %add;
    %store/vec4 v000002692a5b7070_0, 0, 16;
    %delay 1, 0;
    %pushi/vec4 1, 0, 1;
    %store/vec4 v000002692a5b8f10_0, 0, 1;
    %delay 1, 0;
    %pushi/vec4 0, 0, 1;
    %store/vec4 v000002692a5b8f10_0, 0, 1;
    %load/vec4 v000002692a5b8d30_0;
    %addi 1, 0, 4;
    %store/vec4 v000002692a5b8d30_0, 0, 4;
    %jmp T_9.0;
T_9.1 ;
    %delay 1, 0;
    %pushi/vec4 15, 0, 4;
    %store/vec4 v000002692a5b8d30_0, 0, 4;
    %load/vec4 v000002692a5b7890_0;
    %load/vec4 v000002692a5b8bf0_0;
    %cmp/e;
    %jmp/0xz  T_9.2, 4;
    %pushi/vec4 1, 0, 1;
    %store/vec4 v000002692a5b8e70_0, 0, 1;
    %delay 1, 0;
    %pushi/vec4 1, 0, 1;
    %store/vec4 v000002692a5b8c90_0, 0, 1;
T_9.2 ;
    %load/vec4 v000002692a5b7890_0;
    %store/vec4 v000002692a5b8510_0, 0, 16;
    %delay 10, 0;
    %vpi_call 2 89 "$display", "romram2: soma=0x%0h, comp=0x%0h, done=0x%0h", v000002692a5b8510_0, v000002692a5b8e70_0, v000002692a5b8c90_0 {0 0 0};
    %end;
    .thread T_9;
# The file index is used to find the file name in the following table.
:file_names 3;
    "N/A";
    "<interactive>";
    "romram_meu.v";
