#! /c/Source/iverilog-install/bin/vvp
:ivl_version "12.0 (devel)" "(s20150603-1539-g2693dd32b)";
:ivl_delay_selection "TYPICAL";
:vpi_time_precision + 0;
:vpi_module "C:\iverilog\lib\ivl\system.vpi";
:vpi_module "C:\iverilog\lib\ivl\vhdl_sys.vpi";
:vpi_module "C:\iverilog\lib\ivl\vhdl_textio.vpi";
:vpi_module "C:\iverilog\lib\ivl\v2005_math.vpi";
:vpi_module "C:\iverilog\lib\ivl\va_math.vpi";
S_000001d7ee1b4250 .scope module, "mfp_tb" "mfp_tb" 2 2;
 .timescale 0 0;
v000001d7ee258d30_0 .var "clk", 0 0;
v000001d7ee258830_0 .net "done", 0 0, v000001d7ee258150_0;  1 drivers
v000001d7ee257bb0_0 .var/i "i", 31 0;
v000001d7ee257cf0_0 .var "ram_addr_juiz", 1 0;
v000001d7ee2588d0_0 .net "ram_out_juiz", 31 0, v000001d7ee257070_0;  1 drivers
E_000001d7ee1f3310 .event posedge, v000001d7ee258d30_0;
S_000001d7ee1b43e0 .scope module, "dut" "fpm" 2 8, 2 39 0, S_000001d7ee1b4250;
 .timescale 0 0;
    .port_info 0 /INPUT 2 "ram_addr_juiz";
    .port_info 1 /OUTPUT 32 "ram_out_juiz";
    .port_info 2 /OUTPUT 1 "done";
P_000001d7ee1aa650 .param/l "Done" 1 2 69, C4<100>;
P_000001d7ee1aa688 .param/l "aloc1" 1 2 65, C4<000>;
P_000001d7ee1aa6c0 .param/l "aloc2" 1 2 66, C4<001>;
P_000001d7ee1aa6f8 .param/l "alocRam" 1 2 68, C4<011>;
P_000001d7ee1aa730 .param/l "waitMul" 1 2 67, C4<010>;
L_000001d7ee1e3b00 .functor BUFZ 32, v000001d7ee256560_0, C4<00000000000000000000000000000000>, C4<00000000000000000000000000000000>, C4<00000000000000000000000000000000>;
v000001d7ee258150_0 .var "done", 0 0;
v000001d7ee257c50_0 .var "mul_a", 31 0;
v000001d7ee2576b0_0 .var "mul_b", 31 0;
v000001d7ee2574d0_0 .var "mul_clk", 0 0;
v000001d7ee257b10_0 .net "mul_done", 0 0, L_000001d7ee1e3a90;  1 drivers
v000001d7ee258470_0 .var "mul_en", 0 0;
v000001d7ee2586f0_0 .var "mul_rst", 0 0;
v000001d7ee257d90_0 .net "mul_z", 31 0, v000001d7ee256560_0;  1 drivers
v000001d7ee2585b0_0 .var "ram_OE", 0 0;
v000001d7ee257f70_0 .var "ram_RW", 0 0;
v000001d7ee2581f0_0 .var "ram_addr", 1 0;
v000001d7ee258650_0 .net "ram_addr_juiz", 1 0, v000001d7ee257cf0_0;  1 drivers
v000001d7ee258790_0 .net "ram_addr_mux", 1 0, L_000001d7ee258290;  1 drivers
v000001d7ee257570_0 .net "ram_in", 31 0, L_000001d7ee1e3b00;  1 drivers
v000001d7ee257930_0 .net "ram_out_juiz", 31 0, v000001d7ee257070_0;  alias, 1 drivers
v000001d7ee257a70_0 .var "rom_OE", 0 0;
v000001d7ee257e30_0 .var "rom_addr", 2 0;
v000001d7ee257250_0 .net "rom_out", 31 0, v000001d7ee2571b0_0;  1 drivers
v000001d7ee2579d0_0 .var "state", 2 0;
E_000001d7ee1f4e50 .event anyedge, v000001d7ee256e20_0;
L_000001d7ee258290 .functor MUXZ 2, v000001d7ee257cf0_0, v000001d7ee2581f0_0, v000001d7ee257f70_0, C4<>;
S_000001d7ee1c7bb0 .scope module, "mult" "fp_mult" 2 74, 2 178 0, S_000001d7ee1b43e0;
 .timescale 0 0;
    .port_info 0 /INPUT 32 "input_a";
    .port_info 1 /INPUT 32 "input_b";
    .port_info 2 /INPUT 1 "en";
    .port_info 3 /INPUT 1 "rst";
    .port_info 4 /INPUT 1 "clk";
    .port_info 5 /OUTPUT 1 "done";
    .port_info 6 /OUTPUT 32 "output_z";
P_000001d7ee1c7d40 .param/l "get_a" 0 2 197, C4<0000>;
P_000001d7ee1c7d78 .param/l "get_b" 0 2 198, C4<0001>;
P_000001d7ee1c7db0 .param/l "multiply_0" 0 2 203, C4<0110>;
P_000001d7ee1c7de8 .param/l "multiply_1" 0 2 204, C4<0111>;
P_000001d7ee1c7e20 .param/l "normalise_1" 0 2 205, C4<1000>;
P_000001d7ee1c7e58 .param/l "normalise_2" 0 2 206, C4<1001>;
P_000001d7ee1c7e90 .param/l "normalise_a" 0 2 201, C4<0100>;
P_000001d7ee1c7ec8 .param/l "normalise_b" 0 2 202, C4<0101>;
P_000001d7ee1c7f00 .param/l "pack" 0 2 208, C4<1011>;
P_000001d7ee1c7f38 .param/l "put_z" 0 2 209, C4<1100>;
P_000001d7ee1c7f70 .param/l "round" 0 2 207, C4<1010>;
P_000001d7ee1c7fa8 .param/l "special_cases" 0 2 200, C4<0011>;
P_000001d7ee1c7fe0 .param/l "unpack" 0 2 199, C4<0010>;
L_000001d7ee1e3a90 .functor BUFZ 1, v000001d7ee256c40_0, C4<0>, C4<0>, C4<0>;
v000001d7ee2a6510_0 .var "a", 31 0;
v000001d7ee2a65b0_0 .var "a_e", 9 0;
v000001d7ee2a6650_0 .var "a_m", 23 0;
v000001d7ee2a66f0_0 .var "a_s", 0 0;
v000001d7ee2a6790_0 .var "b", 31 0;
v000001d7ee2a6830_0 .var "b_e", 9 0;
v000001d7ee2a68d0_0 .var "b_m", 23 0;
v000001d7ee2567e0_0 .var "b_s", 0 0;
v000001d7ee256e20_0 .net "clk", 0 0, v000001d7ee2574d0_0;  1 drivers
v000001d7ee256b00_0 .net "done", 0 0, L_000001d7ee1e3a90;  alias, 1 drivers
v000001d7ee256a60_0 .net "en", 0 0, v000001d7ee258470_0;  1 drivers
v000001d7ee256ba0_0 .var "guard", 0 0;
v000001d7ee256ce0_0 .net "input_a", 31 0, v000001d7ee257c50_0;  1 drivers
v000001d7ee256d80_0 .net "input_b", 31 0, v000001d7ee2576b0_0;  1 drivers
v000001d7ee256740_0 .net "output_z", 31 0, v000001d7ee256560_0;  alias, 1 drivers
v000001d7ee256100_0 .var "product", 47 0;
v000001d7ee256ec0_0 .var "round_bit", 0 0;
v000001d7ee2562e0_0 .net "rst", 0 0, v000001d7ee2586f0_0;  1 drivers
v000001d7ee256c40_0 .var "s_done", 0 0;
v000001d7ee256920_0 .var "s_en", 0 0;
v000001d7ee256560_0 .var "s_output_z", 31 0;
v000001d7ee2564c0_0 .var "state", 3 0;
v000001d7ee256f60_0 .var "sticky", 0 0;
v000001d7ee256060_0 .var "z", 31 0;
v000001d7ee2561a0_0 .var "z_e", 9 0;
v000001d7ee2569c0_0 .var "z_m", 23 0;
v000001d7ee256240_0 .var "z_s", 0 0;
E_000001d7ee1f4f50 .event posedge, v000001d7ee256e20_0;
S_000001d7ee1cc600 .scope module, "ram" "ram_4" 2 73, 2 135 0, S_000001d7ee1b43e0;
 .timescale 0 0;
    .port_info 0 /INPUT 32 "in";
    .port_info 1 /INPUT 2 "addr";
    .port_info 2 /INPUT 1 "RW";
    .port_info 3 /INPUT 1 "OE";
    .port_info 4 /OUTPUT 32 "out";
v000001d7ee256380_0 .net "OE", 0 0, v000001d7ee2585b0_0;  1 drivers
v000001d7ee256420_0 .net "RW", 0 0, v000001d7ee257f70_0;  1 drivers
v000001d7ee256600_0 .net "addr", 1 0, L_000001d7ee258290;  alias, 1 drivers
v000001d7ee2566a0 .array "data", 0 3, 31 0;
v000001d7ee256880_0 .net "in", 31 0, L_000001d7ee1e3b00;  alias, 1 drivers
v000001d7ee257070_0 .var "out", 31 0;
E_000001d7ee1f4390 .event anyedge, v000001d7ee256380_0, v000001d7ee256420_0, v000001d7ee256600_0, v000001d7ee256880_0;
S_000001d7ee1cc790 .scope module, "rom" "rom_8" 2 72, 2 153 0, S_000001d7ee1b43e0;
 .timescale 0 0;
    .port_info 0 /INPUT 3 "addr";
    .port_info 1 /INPUT 1 "OE";
    .port_info 2 /OUTPUT 32 "out";
v000001d7ee258970_0 .net "OE", 0 0, v000001d7ee257a70_0;  1 drivers
v000001d7ee258510_0 .net "addr", 2 0, v000001d7ee257e30_0;  1 drivers
v000001d7ee257890 .array "data", 0 7, 31 0;
v000001d7ee2571b0_0 .var "out", 31 0;
E_000001d7ee1f4590 .event anyedge, v000001d7ee258970_0, v000001d7ee258510_0;
    .scope S_000001d7ee1cc790;
T_0 ;
    %pushi/vec4 355795062, 0, 32;
    %ix/load 4, 0, 0;
    %flag_set/imm 4, 0;
    %store/vec4a v000001d7ee257890, 4, 0;
    %pushi/vec4 1498569119, 0, 32;
    %ix/load 4, 1, 0;
    %flag_set/imm 4, 0;
    %store/vec4a v000001d7ee257890, 4, 0;
    %pushi/vec4 1065353216, 0, 32;
    %ix/load 4, 2, 0;
    %flag_set/imm 4, 0;
    %store/vec4a v000001d7ee257890, 4, 0;
    %pushi/vec4 1048576000, 0, 32;
    %ix/load 4, 3, 0;
    %flag_set/imm 4, 0;
    %store/vec4a v000001d7ee257890, 4, 0;
    %pushi/vec4 1077936128, 0, 32;
    %ix/load 4, 4, 0;
    %flag_set/imm 4, 0;
    %store/vec4a v000001d7ee257890, 4, 0;
    %pushi/vec4 1092616192, 0, 32;
    %ix/load 4, 5, 0;
    %flag_set/imm 4, 0;
    %store/vec4a v000001d7ee257890, 4, 0;
    %pushi/vec4 1050673152, 0, 32;
    %ix/load 4, 6, 0;
    %flag_set/imm 4, 0;
    %store/vec4a v000001d7ee257890, 4, 0;
    %pushi/vec4 1063256064, 0, 32;
    %ix/load 4, 7, 0;
    %flag_set/imm 4, 0;
    %store/vec4a v000001d7ee257890, 4, 0;
    %end;
    .thread T_0;
    .scope S_000001d7ee1cc790;
T_1 ;
    %wait E_000001d7ee1f4590;
    %load/vec4 v000001d7ee258970_0;
    %cmpi/e 1, 0, 1;
    %jmp/0xz  T_1.0, 4;
    %load/vec4 v000001d7ee258510_0;
    %pad/u 5;
    %ix/vec4 4;
    %load/vec4a v000001d7ee257890, 4;
    %store/vec4 v000001d7ee2571b0_0, 0, 32;
    %jmp T_1.1;
T_1.0 ;
    %pushi/vec4 0, 4294967295, 32;
    %store/vec4 v000001d7ee2571b0_0, 0, 32;
T_1.1 ;
    %jmp T_1;
    .thread T_1, $push;
    .scope S_000001d7ee1cc600;
T_2 ;
    %wait E_000001d7ee1f4390;
    %load/vec4 v000001d7ee256420_0;
    %pushi/vec4 0, 0, 1;
    %cmp/e;
    %flag_get/vec4 4;
    %load/vec4 v000001d7ee256380_0;
    %pushi/vec4 1, 0, 1;
    %cmp/e;
    %flag_get/vec4 4;
    %and;
    %flag_set/vec4 8;
    %jmp/0xz  T_2.0, 8;
    %load/vec4 v000001d7ee256600_0;
    %pad/u 4;
    %ix/vec4 4;
    %load/vec4a v000001d7ee2566a0, 4;
    %store/vec4 v000001d7ee257070_0, 0, 32;
    %jmp T_2.1;
T_2.0 ;
    %pushi/vec4 0, 4294967295, 32;
    %store/vec4 v000001d7ee257070_0, 0, 32;
T_2.1 ;
    %load/vec4 v000001d7ee256420_0;
    %cmpi/e 1, 0, 1;
    %jmp/0xz  T_2.2, 4;
    %load/vec4 v000001d7ee256880_0;
    %load/vec4 v000001d7ee256600_0;
    %pad/u 4;
    %ix/vec4 4;
    %store/vec4a v000001d7ee2566a0, 4, 0;
T_2.2 ;
    %jmp T_2;
    .thread T_2, $push;
    .scope S_000001d7ee1c7bb0;
T_3 ;
    %pushi/vec4 0, 0, 1;
    %store/vec4 v000001d7ee256920_0, 0, 1;
    %pushi/vec4 0, 0, 1;
    %store/vec4 v000001d7ee256c40_0, 0, 1;
    %pushi/vec4 0, 0, 4;
    %store/vec4 v000001d7ee2564c0_0, 0, 4;
    %end;
    .thread T_3;
    .scope S_000001d7ee1c7bb0;
T_4 ;
    %wait E_000001d7ee1f4f50;
    %load/vec4 v000001d7ee2564c0_0;
    %dup/vec4;
    %pushi/vec4 0, 0, 4;
    %cmp/u;
    %jmp/1 T_4.0, 6;
    %dup/vec4;
    %pushi/vec4 1, 0, 4;
    %cmp/u;
    %jmp/1 T_4.1, 6;
    %dup/vec4;
    %pushi/vec4 2, 0, 4;
    %cmp/u;
    %jmp/1 T_4.2, 6;
    %dup/vec4;
    %pushi/vec4 3, 0, 4;
    %cmp/u;
    %jmp/1 T_4.3, 6;
    %dup/vec4;
    %pushi/vec4 4, 0, 4;
    %cmp/u;
    %jmp/1 T_4.4, 6;
    %dup/vec4;
    %pushi/vec4 5, 0, 4;
    %cmp/u;
    %jmp/1 T_4.5, 6;
    %dup/vec4;
    %pushi/vec4 6, 0, 4;
    %cmp/u;
    %jmp/1 T_4.6, 6;
    %dup/vec4;
    %pushi/vec4 7, 0, 4;
    %cmp/u;
    %jmp/1 T_4.7, 6;
    %dup/vec4;
    %pushi/vec4 8, 0, 4;
    %cmp/u;
    %jmp/1 T_4.8, 6;
    %dup/vec4;
    %pushi/vec4 9, 0, 4;
    %cmp/u;
    %jmp/1 T_4.9, 6;
    %dup/vec4;
    %pushi/vec4 10, 0, 4;
    %cmp/u;
    %jmp/1 T_4.10, 6;
    %dup/vec4;
    %pushi/vec4 11, 0, 4;
    %cmp/u;
    %jmp/1 T_4.11, 6;
    %dup/vec4;
    %pushi/vec4 12, 0, 4;
    %cmp/u;
    %jmp/1 T_4.12, 6;
    %jmp T_4.13;
T_4.0 ;
    %load/vec4 v000001d7ee256a60_0;
    %flag_set/vec4 8;
    %jmp/0xz  T_4.14, 8;
    %pushi/vec4 0, 0, 1;
    %assign/vec4 v000001d7ee256c40_0, 0;
    %load/vec4 v000001d7ee256ce0_0;
    %assign/vec4 v000001d7ee2a6510_0, 0;
    %pushi/vec4 1, 0, 4;
    %assign/vec4 v000001d7ee2564c0_0, 0;
T_4.14 ;
    %jmp T_4.13;
T_4.1 ;
    %load/vec4 v000001d7ee256a60_0;
    %flag_set/vec4 8;
    %jmp/0xz  T_4.16, 8;
    %load/vec4 v000001d7ee256d80_0;
    %assign/vec4 v000001d7ee2a6790_0, 0;
    %pushi/vec4 2, 0, 4;
    %assign/vec4 v000001d7ee2564c0_0, 0;
T_4.16 ;
    %jmp T_4.13;
T_4.2 ;
    %load/vec4 v000001d7ee2a6510_0;
    %parti/s 23, 0, 2;
    %pad/u 24;
    %assign/vec4 v000001d7ee2a6650_0, 0;
    %load/vec4 v000001d7ee2a6790_0;
    %parti/s 23, 0, 2;
    %pad/u 24;
    %assign/vec4 v000001d7ee2a68d0_0, 0;
    %load/vec4 v000001d7ee2a6510_0;
    %parti/s 8, 23, 6;
    %pad/u 10;
    %subi 127, 0, 10;
    %assign/vec4 v000001d7ee2a65b0_0, 0;
    %load/vec4 v000001d7ee2a6790_0;
    %parti/s 8, 23, 6;
    %pad/u 10;
    %subi 127, 0, 10;
    %assign/vec4 v000001d7ee2a6830_0, 0;
    %load/vec4 v000001d7ee2a6510_0;
    %parti/s 1, 31, 6;
    %assign/vec4 v000001d7ee2a66f0_0, 0;
    %load/vec4 v000001d7ee2a6790_0;
    %parti/s 1, 31, 6;
    %assign/vec4 v000001d7ee2567e0_0, 0;
    %pushi/vec4 3, 0, 4;
    %assign/vec4 v000001d7ee2564c0_0, 0;
    %jmp T_4.13;
T_4.3 ;
    %load/vec4 v000001d7ee2a65b0_0;
    %pad/u 32;
    %cmpi/e 128, 0, 32;
    %flag_get/vec4 4;
    %jmp/0 T_4.21, 4;
    %load/vec4 v000001d7ee2a6650_0;
    %pad/u 32;
    %pushi/vec4 0, 0, 32;
    %cmp/ne;
    %flag_get/vec4 4;
    %and;
T_4.21;
    %flag_set/vec4 8;
    %jmp/1 T_4.20, 8;
    %load/vec4 v000001d7ee2a6830_0;
    %pad/u 32;
    %cmpi/e 128, 0, 32;
    %flag_get/vec4 4;
    %jmp/0 T_4.22, 4;
    %load/vec4 v000001d7ee2a68d0_0;
    %pad/u 32;
    %pushi/vec4 0, 0, 32;
    %cmp/ne;
    %flag_get/vec4 4;
    %and;
T_4.22;
    %flag_set/vec4 9;
    %flag_or 8, 9;
T_4.20;
    %jmp/0xz  T_4.18, 8;
    %pushi/vec4 1, 0, 1;
    %ix/load 4, 31, 0;
    %ix/load 5, 0, 0;
    %flag_set/imm 4, 0;
    %assign/vec4/off/d v000001d7ee256060_0, 4, 5;
    %pushi/vec4 255, 0, 8;
    %ix/load 4, 23, 0;
    %ix/load 5, 0, 0;
    %flag_set/imm 4, 0;
    %assign/vec4/off/d v000001d7ee256060_0, 4, 5;
    %pushi/vec4 1, 0, 1;
    %ix/load 4, 22, 0;
    %ix/load 5, 0, 0;
    %flag_set/imm 4, 0;
    %assign/vec4/off/d v000001d7ee256060_0, 4, 5;
    %pushi/vec4 0, 0, 22;
    %ix/load 4, 0, 0;
    %ix/load 5, 0, 0;
    %flag_set/imm 4, 0;
    %assign/vec4/off/d v000001d7ee256060_0, 4, 5;
    %pushi/vec4 12, 0, 4;
    %assign/vec4 v000001d7ee2564c0_0, 0;
    %jmp T_4.19;
T_4.18 ;
    %load/vec4 v000001d7ee2a65b0_0;
    %pad/u 32;
    %cmpi/e 128, 0, 32;
    %jmp/0xz  T_4.23, 4;
    %load/vec4 v000001d7ee2a66f0_0;
    %load/vec4 v000001d7ee2567e0_0;
    %xor;
    %ix/load 4, 31, 0;
    %ix/load 5, 0, 0;
    %flag_set/imm 4, 0;
    %assign/vec4/off/d v000001d7ee256060_0, 4, 5;
    %pushi/vec4 255, 0, 8;
    %ix/load 4, 23, 0;
    %ix/load 5, 0, 0;
    %flag_set/imm 4, 0;
    %assign/vec4/off/d v000001d7ee256060_0, 4, 5;
    %pushi/vec4 0, 0, 23;
    %ix/load 4, 0, 0;
    %ix/load 5, 0, 0;
    %flag_set/imm 4, 0;
    %assign/vec4/off/d v000001d7ee256060_0, 4, 5;
    %load/vec4 v000001d7ee2a6830_0;
    %pad/s 32;
    %cmpi/e 4294967169, 0, 32;
    %flag_get/vec4 4;
    %jmp/0 T_4.27, 4;
    %load/vec4 v000001d7ee2a68d0_0;
    %pad/u 32;
    %pushi/vec4 0, 0, 32;
    %cmp/e;
    %flag_get/vec4 4;
    %and;
T_4.27;
    %flag_set/vec4 8;
    %jmp/0xz  T_4.25, 8;
    %pushi/vec4 1, 0, 1;
    %ix/load 4, 31, 0;
    %ix/load 5, 0, 0;
    %flag_set/imm 4, 0;
    %assign/vec4/off/d v000001d7ee256060_0, 4, 5;
    %pushi/vec4 255, 0, 8;
    %ix/load 4, 23, 0;
    %ix/load 5, 0, 0;
    %flag_set/imm 4, 0;
    %assign/vec4/off/d v000001d7ee256060_0, 4, 5;
    %pushi/vec4 1, 0, 1;
    %ix/load 4, 22, 0;
    %ix/load 5, 0, 0;
    %flag_set/imm 4, 0;
    %assign/vec4/off/d v000001d7ee256060_0, 4, 5;
    %pushi/vec4 0, 0, 22;
    %ix/load 4, 0, 0;
    %ix/load 5, 0, 0;
    %flag_set/imm 4, 0;
    %assign/vec4/off/d v000001d7ee256060_0, 4, 5;
T_4.25 ;
    %pushi/vec4 12, 0, 4;
    %assign/vec4 v000001d7ee2564c0_0, 0;
    %jmp T_4.24;
T_4.23 ;
    %load/vec4 v000001d7ee2a6830_0;
    %pad/u 32;
    %cmpi/e 128, 0, 32;
    %jmp/0xz  T_4.28, 4;
    %load/vec4 v000001d7ee2a66f0_0;
    %load/vec4 v000001d7ee2567e0_0;
    %xor;
    %ix/load 4, 31, 0;
    %ix/load 5, 0, 0;
    %flag_set/imm 4, 0;
    %assign/vec4/off/d v000001d7ee256060_0, 4, 5;
    %pushi/vec4 255, 0, 8;
    %ix/load 4, 23, 0;
    %ix/load 5, 0, 0;
    %flag_set/imm 4, 0;
    %assign/vec4/off/d v000001d7ee256060_0, 4, 5;
    %pushi/vec4 0, 0, 23;
    %ix/load 4, 0, 0;
    %ix/load 5, 0, 0;
    %flag_set/imm 4, 0;
    %assign/vec4/off/d v000001d7ee256060_0, 4, 5;
    %load/vec4 v000001d7ee2a65b0_0;
    %pad/s 32;
    %cmpi/e 4294967169, 0, 32;
    %flag_get/vec4 4;
    %jmp/0 T_4.32, 4;
    %load/vec4 v000001d7ee2a6650_0;
    %pad/u 32;
    %pushi/vec4 0, 0, 32;
    %cmp/e;
    %flag_get/vec4 4;
    %and;
T_4.32;
    %flag_set/vec4 8;
    %jmp/0xz  T_4.30, 8;
    %pushi/vec4 1, 0, 1;
    %ix/load 4, 31, 0;
    %ix/load 5, 0, 0;
    %flag_set/imm 4, 0;
    %assign/vec4/off/d v000001d7ee256060_0, 4, 5;
    %pushi/vec4 255, 0, 8;
    %ix/load 4, 23, 0;
    %ix/load 5, 0, 0;
    %flag_set/imm 4, 0;
    %assign/vec4/off/d v000001d7ee256060_0, 4, 5;
    %pushi/vec4 1, 0, 1;
    %ix/load 4, 22, 0;
    %ix/load 5, 0, 0;
    %flag_set/imm 4, 0;
    %assign/vec4/off/d v000001d7ee256060_0, 4, 5;
    %pushi/vec4 0, 0, 22;
    %ix/load 4, 0, 0;
    %ix/load 5, 0, 0;
    %flag_set/imm 4, 0;
    %assign/vec4/off/d v000001d7ee256060_0, 4, 5;
T_4.30 ;
    %pushi/vec4 12, 0, 4;
    %assign/vec4 v000001d7ee2564c0_0, 0;
    %jmp T_4.29;
T_4.28 ;
    %load/vec4 v000001d7ee2a65b0_0;
    %pad/s 32;
    %cmpi/e 4294967169, 0, 32;
    %flag_get/vec4 4;
    %jmp/0 T_4.35, 4;
    %load/vec4 v000001d7ee2a6650_0;
    %pad/u 32;
    %pushi/vec4 0, 0, 32;
    %cmp/e;
    %flag_get/vec4 4;
    %and;
T_4.35;
    %flag_set/vec4 8;
    %jmp/0xz  T_4.33, 8;
    %load/vec4 v000001d7ee2a66f0_0;
    %load/vec4 v000001d7ee2567e0_0;
    %xor;
    %ix/load 4, 31, 0;
    %ix/load 5, 0, 0;
    %flag_set/imm 4, 0;
    %assign/vec4/off/d v000001d7ee256060_0, 4, 5;
    %pushi/vec4 0, 0, 8;
    %ix/load 4, 23, 0;
    %ix/load 5, 0, 0;
    %flag_set/imm 4, 0;
    %assign/vec4/off/d v000001d7ee256060_0, 4, 5;
    %pushi/vec4 0, 0, 23;
    %ix/load 4, 0, 0;
    %ix/load 5, 0, 0;
    %flag_set/imm 4, 0;
    %assign/vec4/off/d v000001d7ee256060_0, 4, 5;
    %pushi/vec4 12, 0, 4;
    %assign/vec4 v000001d7ee2564c0_0, 0;
    %jmp T_4.34;
T_4.33 ;
    %load/vec4 v000001d7ee2a6830_0;
    %pad/s 32;
    %cmpi/e 4294967169, 0, 32;
    %flag_get/vec4 4;
    %jmp/0 T_4.38, 4;
    %load/vec4 v000001d7ee2a68d0_0;
    %pad/u 32;
    %pushi/vec4 0, 0, 32;
    %cmp/e;
    %flag_get/vec4 4;
    %and;
T_4.38;
    %flag_set/vec4 8;
    %jmp/0xz  T_4.36, 8;
    %load/vec4 v000001d7ee2a66f0_0;
    %load/vec4 v000001d7ee2567e0_0;
    %xor;
    %ix/load 4, 31, 0;
    %ix/load 5, 0, 0;
    %flag_set/imm 4, 0;
    %assign/vec4/off/d v000001d7ee256060_0, 4, 5;
    %pushi/vec4 0, 0, 8;
    %ix/load 4, 23, 0;
    %ix/load 5, 0, 0;
    %flag_set/imm 4, 0;
    %assign/vec4/off/d v000001d7ee256060_0, 4, 5;
    %pushi/vec4 0, 0, 23;
    %ix/load 4, 0, 0;
    %ix/load 5, 0, 0;
    %flag_set/imm 4, 0;
    %assign/vec4/off/d v000001d7ee256060_0, 4, 5;
    %pushi/vec4 12, 0, 4;
    %assign/vec4 v000001d7ee2564c0_0, 0;
    %jmp T_4.37;
T_4.36 ;
    %load/vec4 v000001d7ee2a65b0_0;
    %pad/s 32;
    %cmpi/e 4294967169, 0, 32;
    %jmp/0xz  T_4.39, 4;
    %pushi/vec4 898, 0, 10;
    %assign/vec4 v000001d7ee2a65b0_0, 0;
    %jmp T_4.40;
T_4.39 ;
    %pushi/vec4 1, 0, 1;
    %ix/load 4, 23, 0;
    %ix/load 5, 0, 0;
    %flag_set/imm 4, 0;
    %assign/vec4/off/d v000001d7ee2a6650_0, 4, 5;
T_4.40 ;
    %load/vec4 v000001d7ee2a6830_0;
    %pad/s 32;
    %cmpi/e 4294967169, 0, 32;
    %jmp/0xz  T_4.41, 4;
    %pushi/vec4 898, 0, 10;
    %assign/vec4 v000001d7ee2a6830_0, 0;
    %jmp T_4.42;
T_4.41 ;
    %pushi/vec4 1, 0, 1;
    %ix/load 4, 23, 0;
    %ix/load 5, 0, 0;
    %flag_set/imm 4, 0;
    %assign/vec4/off/d v000001d7ee2a68d0_0, 4, 5;
T_4.42 ;
    %pushi/vec4 4, 0, 4;
    %assign/vec4 v000001d7ee2564c0_0, 0;
T_4.37 ;
T_4.34 ;
T_4.29 ;
T_4.24 ;
T_4.19 ;
    %jmp T_4.13;
T_4.4 ;
    %load/vec4 v000001d7ee2a6650_0;
    %parti/s 1, 23, 6;
    %flag_set/vec4 8;
    %jmp/0xz  T_4.43, 8;
    %pushi/vec4 5, 0, 4;
    %assign/vec4 v000001d7ee2564c0_0, 0;
    %jmp T_4.44;
T_4.43 ;
    %load/vec4 v000001d7ee2a6650_0;
    %ix/load 4, 1, 0;
    %flag_set/imm 4, 0;
    %shiftl 4;
    %assign/vec4 v000001d7ee2a6650_0, 0;
    %load/vec4 v000001d7ee2a65b0_0;
    %subi 1, 0, 10;
    %assign/vec4 v000001d7ee2a65b0_0, 0;
T_4.44 ;
    %jmp T_4.13;
T_4.5 ;
    %load/vec4 v000001d7ee2a68d0_0;
    %parti/s 1, 23, 6;
    %flag_set/vec4 8;
    %jmp/0xz  T_4.45, 8;
    %pushi/vec4 6, 0, 4;
    %assign/vec4 v000001d7ee2564c0_0, 0;
    %jmp T_4.46;
T_4.45 ;
    %load/vec4 v000001d7ee2a68d0_0;
    %ix/load 4, 1, 0;
    %flag_set/imm 4, 0;
    %shiftl 4;
    %assign/vec4 v000001d7ee2a68d0_0, 0;
    %load/vec4 v000001d7ee2a6830_0;
    %subi 1, 0, 10;
    %assign/vec4 v000001d7ee2a6830_0, 0;
T_4.46 ;
    %jmp T_4.13;
T_4.6 ;
    %load/vec4 v000001d7ee2a66f0_0;
    %load/vec4 v000001d7ee2567e0_0;
    %xor;
    %assign/vec4 v000001d7ee256240_0, 0;
    %load/vec4 v000001d7ee2a65b0_0;
    %load/vec4 v000001d7ee2a6830_0;
    %add;
    %addi 1, 0, 10;
    %assign/vec4 v000001d7ee2561a0_0, 0;
    %load/vec4 v000001d7ee2a6650_0;
    %pad/u 48;
    %load/vec4 v000001d7ee2a68d0_0;
    %pad/u 48;
    %mul;
    %assign/vec4 v000001d7ee256100_0, 0;
    %pushi/vec4 7, 0, 4;
    %assign/vec4 v000001d7ee2564c0_0, 0;
    %jmp T_4.13;
T_4.7 ;
    %load/vec4 v000001d7ee256100_0;
    %parti/s 24, 24, 6;
    %assign/vec4 v000001d7ee2569c0_0, 0;
    %load/vec4 v000001d7ee256100_0;
    %parti/s 1, 23, 6;
    %assign/vec4 v000001d7ee256ba0_0, 0;
    %load/vec4 v000001d7ee256100_0;
    %parti/s 1, 22, 6;
    %assign/vec4 v000001d7ee256ec0_0, 0;
    %load/vec4 v000001d7ee256100_0;
    %parti/s 22, 0, 2;
    %pad/u 32;
    %pushi/vec4 0, 0, 32;
    %cmp/ne;
    %flag_get/vec4 4;
    %assign/vec4 v000001d7ee256f60_0, 0;
    %pushi/vec4 8, 0, 4;
    %assign/vec4 v000001d7ee2564c0_0, 0;
    %jmp T_4.13;
T_4.8 ;
    %load/vec4 v000001d7ee2569c0_0;
    %parti/s 1, 23, 6;
    %pad/u 32;
    %cmpi/e 0, 0, 32;
    %jmp/0xz  T_4.47, 4;
    %load/vec4 v000001d7ee2561a0_0;
    %subi 1, 0, 10;
    %assign/vec4 v000001d7ee2561a0_0, 0;
    %load/vec4 v000001d7ee2569c0_0;
    %ix/load 4, 1, 0;
    %flag_set/imm 4, 0;
    %shiftl 4;
    %assign/vec4 v000001d7ee2569c0_0, 0;
    %load/vec4 v000001d7ee256ba0_0;
    %ix/load 4, 0, 0;
    %ix/load 5, 0, 0;
    %flag_set/imm 4, 0;
    %assign/vec4/off/d v000001d7ee2569c0_0, 4, 5;
    %load/vec4 v000001d7ee256ec0_0;
    %assign/vec4 v000001d7ee256ba0_0, 0;
    %pushi/vec4 0, 0, 1;
    %assign/vec4 v000001d7ee256ec0_0, 0;
    %jmp T_4.48;
T_4.47 ;
    %pushi/vec4 9, 0, 4;
    %assign/vec4 v000001d7ee2564c0_0, 0;
T_4.48 ;
    %jmp T_4.13;
T_4.9 ;
    %load/vec4 v000001d7ee2561a0_0;
    %pad/s 32;
    %cmpi/s 4294967170, 0, 32;
    %jmp/0xz  T_4.49, 5;
    %load/vec4 v000001d7ee2561a0_0;
    %addi 1, 0, 10;
    %assign/vec4 v000001d7ee2561a0_0, 0;
    %load/vec4 v000001d7ee2569c0_0;
    %ix/load 4, 1, 0;
    %flag_set/imm 4, 0;
    %shiftr 4;
    %assign/vec4 v000001d7ee2569c0_0, 0;
    %load/vec4 v000001d7ee2569c0_0;
    %parti/s 1, 0, 2;
    %assign/vec4 v000001d7ee256ba0_0, 0;
    %load/vec4 v000001d7ee256ba0_0;
    %assign/vec4 v000001d7ee256ec0_0, 0;
    %load/vec4 v000001d7ee256f60_0;
    %load/vec4 v000001d7ee256ec0_0;
    %or;
    %assign/vec4 v000001d7ee256f60_0, 0;
    %jmp T_4.50;
T_4.49 ;
    %pushi/vec4 10, 0, 4;
    %assign/vec4 v000001d7ee2564c0_0, 0;
T_4.50 ;
    %jmp T_4.13;
T_4.10 ;
    %load/vec4 v000001d7ee256ba0_0;
    %flag_set/vec4 9;
    %flag_get/vec4 9;
    %jmp/0 T_4.53, 9;
    %load/vec4 v000001d7ee256ec0_0;
    %load/vec4 v000001d7ee256f60_0;
    %or;
    %load/vec4 v000001d7ee2569c0_0;
    %parti/s 1, 0, 2;
    %or;
    %and;
T_4.53;
    %flag_set/vec4 8;
    %jmp/0xz  T_4.51, 8;
    %load/vec4 v000001d7ee2569c0_0;
    %addi 1, 0, 24;
    %assign/vec4 v000001d7ee2569c0_0, 0;
    %load/vec4 v000001d7ee2569c0_0;
    %cmpi/e 16777215, 0, 24;
    %jmp/0xz  T_4.54, 4;
    %load/vec4 v000001d7ee2561a0_0;
    %addi 1, 0, 10;
    %assign/vec4 v000001d7ee2561a0_0, 0;
T_4.54 ;
T_4.51 ;
    %pushi/vec4 11, 0, 4;
    %assign/vec4 v000001d7ee2564c0_0, 0;
    %jmp T_4.13;
T_4.11 ;
    %load/vec4 v000001d7ee2569c0_0;
    %parti/s 23, 0, 2;
    %ix/load 4, 0, 0;
    %ix/load 5, 0, 0;
    %flag_set/imm 4, 0;
    %assign/vec4/off/d v000001d7ee256060_0, 4, 5;
    %load/vec4 v000001d7ee2561a0_0;
    %parti/s 8, 0, 2;
    %addi 127, 0, 8;
    %ix/load 4, 23, 0;
    %ix/load 5, 0, 0;
    %flag_set/imm 4, 0;
    %assign/vec4/off/d v000001d7ee256060_0, 4, 5;
    %load/vec4 v000001d7ee256240_0;
    %ix/load 4, 31, 0;
    %ix/load 5, 0, 0;
    %flag_set/imm 4, 0;
    %assign/vec4/off/d v000001d7ee256060_0, 4, 5;
    %load/vec4 v000001d7ee2561a0_0;
    %pad/s 32;
    %cmpi/e 4294967170, 0, 32;
    %flag_get/vec4 4;
    %jmp/0 T_4.58, 4;
    %load/vec4 v000001d7ee2569c0_0;
    %parti/s 1, 23, 6;
    %pad/u 32;
    %pushi/vec4 0, 0, 32;
    %cmp/e;
    %flag_get/vec4 4;
    %and;
T_4.58;
    %flag_set/vec4 8;
    %jmp/0xz  T_4.56, 8;
    %pushi/vec4 0, 0, 8;
    %ix/load 4, 23, 0;
    %ix/load 5, 0, 0;
    %flag_set/imm 4, 0;
    %assign/vec4/off/d v000001d7ee256060_0, 4, 5;
T_4.56 ;
    %load/vec4 v000001d7ee2561a0_0;
    %pad/s 32;
    %cmpi/s 127, 0, 32;
    %flag_or 5, 4; GT is !LE
    %flag_inv 5;
    %jmp/0xz  T_4.59, 5;
    %pushi/vec4 0, 0, 23;
    %ix/load 4, 0, 0;
    %ix/load 5, 0, 0;
    %flag_set/imm 4, 0;
    %assign/vec4/off/d v000001d7ee256060_0, 4, 5;
    %pushi/vec4 255, 0, 8;
    %ix/load 4, 23, 0;
    %ix/load 5, 0, 0;
    %flag_set/imm 4, 0;
    %assign/vec4/off/d v000001d7ee256060_0, 4, 5;
    %load/vec4 v000001d7ee256240_0;
    %ix/load 4, 31, 0;
    %ix/load 5, 0, 0;
    %flag_set/imm 4, 0;
    %assign/vec4/off/d v000001d7ee256060_0, 4, 5;
T_4.59 ;
    %pushi/vec4 12, 0, 4;
    %assign/vec4 v000001d7ee2564c0_0, 0;
    %jmp T_4.13;
T_4.12 ;
    %load/vec4 v000001d7ee256060_0;
    %assign/vec4 v000001d7ee256560_0, 0;
    %pushi/vec4 1, 0, 1;
    %assign/vec4 v000001d7ee256c40_0, 0;
    %load/vec4 v000001d7ee256a60_0;
    %flag_set/vec4 8;
    %jmp/0xz  T_4.61, 8;
    %pushi/vec4 0, 0, 4;
    %assign/vec4 v000001d7ee2564c0_0, 0;
T_4.61 ;
    %jmp T_4.13;
T_4.13 ;
    %pop/vec4 1;
    %load/vec4 v000001d7ee2562e0_0;
    %pad/u 32;
    %cmpi/e 1, 0, 32;
    %jmp/0xz  T_4.63, 4;
    %pushi/vec4 0, 0, 4;
    %assign/vec4 v000001d7ee2564c0_0, 0;
    %pushi/vec4 0, 0, 1;
    %assign/vec4 v000001d7ee256c40_0, 0;
T_4.63 ;
    %jmp T_4;
    .thread T_4;
    .scope S_000001d7ee1b43e0;
T_5 ;
    %pushi/vec4 0, 0, 1;
    %store/vec4 v000001d7ee2574d0_0, 0, 1;
    %end;
    .thread T_5;
    .scope S_000001d7ee1b43e0;
T_6 ;
    %delay 1, 0;
    %load/vec4 v000001d7ee2574d0_0;
    %inv;
    %store/vec4 v000001d7ee2574d0_0, 0, 1;
    %jmp T_6;
    .thread T_6;
    .scope S_000001d7ee1b43e0;
T_7 ;
    %pushi/vec4 0, 0, 2;
    %store/vec4 v000001d7ee2581f0_0, 0, 2;
    %pushi/vec4 1, 0, 1;
    %store/vec4 v000001d7ee257a70_0, 0, 1;
    %pushi/vec4 0, 0, 3;
    %store/vec4 v000001d7ee257e30_0, 0, 3;
    %pushi/vec4 1, 0, 1;
    %store/vec4 v000001d7ee257f70_0, 0, 1;
    %end;
    .thread T_7;
    .scope S_000001d7ee1b43e0;
T_8 ;
    %wait E_000001d7ee1f4e50;
    %load/vec4 v000001d7ee2579d0_0;
    %dup/vec4;
    %pushi/vec4 0, 0, 3;
    %cmp/u;
    %jmp/1 T_8.0, 6;
    %dup/vec4;
    %pushi/vec4 1, 0, 3;
    %cmp/u;
    %jmp/1 T_8.1, 6;
    %dup/vec4;
    %pushi/vec4 2, 0, 3;
    %cmp/u;
    %jmp/1 T_8.2, 6;
    %dup/vec4;
    %pushi/vec4 3, 0, 3;
    %cmp/u;
    %jmp/1 T_8.3, 6;
    %dup/vec4;
    %pushi/vec4 4, 0, 3;
    %cmp/u;
    %jmp/1 T_8.4, 6;
    %pushi/vec4 0, 0, 3;
    %store/vec4 v000001d7ee2579d0_0, 0, 3;
    %jmp T_8.6;
T_8.0 ;
    %pushi/vec4 0, 0, 1;
    %store/vec4 v000001d7ee2586f0_0, 0, 1;
    %load/vec4 v000001d7ee2581f0_0;
    %pad/u 3;
    %load/vec4 v000001d7ee2581f0_0;
    %pad/u 3;
    %add;
    %store/vec4 v000001d7ee257e30_0, 0, 3;
    %pushi/vec4 1, 0, 1;
    %store/vec4 v000001d7ee257a70_0, 0, 1;
    %delay 1, 0;
    %load/vec4 v000001d7ee257250_0;
    %store/vec4 v000001d7ee257c50_0, 0, 32;
    %delay 1, 0;
    %pushi/vec4 0, 0, 1;
    %store/vec4 v000001d7ee257a70_0, 0, 1;
    %delay 1, 0;
    %pushi/vec4 1, 0, 3;
    %store/vec4 v000001d7ee2579d0_0, 0, 3;
    %jmp T_8.6;
T_8.1 ;
    %load/vec4 v000001d7ee2581f0_0;
    %pad/u 3;
    %load/vec4 v000001d7ee2581f0_0;
    %pad/u 3;
    %add;
    %addi 1, 0, 3;
    %store/vec4 v000001d7ee257e30_0, 0, 3;
    %pushi/vec4 1, 0, 1;
    %store/vec4 v000001d7ee257a70_0, 0, 1;
    %delay 1, 0;
    %load/vec4 v000001d7ee257250_0;
    %store/vec4 v000001d7ee2576b0_0, 0, 32;
    %pushi/vec4 1, 0, 1;
    %store/vec4 v000001d7ee258470_0, 0, 1;
    %delay 1, 0;
    %pushi/vec4 0, 0, 1;
    %store/vec4 v000001d7ee257a70_0, 0, 1;
    %delay 1, 0;
    %pushi/vec4 2, 0, 3;
    %store/vec4 v000001d7ee2579d0_0, 0, 3;
    %jmp T_8.6;
T_8.2 ;
    %load/vec4 v000001d7ee257b10_0;
    %flag_set/vec4 8;
    %jmp/0xz  T_8.7, 8;
    %delay 1, 0;
    %pushi/vec4 3, 0, 3;
    %store/vec4 v000001d7ee2579d0_0, 0, 3;
T_8.7 ;
    %jmp T_8.6;
T_8.3 ;
    %pushi/vec4 0, 0, 1;
    %store/vec4 v000001d7ee2585b0_0, 0, 1;
    %load/vec4 v000001d7ee2581f0_0;
    %cmpi/e 3, 0, 2;
    %jmp/0xz  T_8.9, 4;
    %delay 1, 0;
    %pushi/vec4 4, 0, 3;
    %store/vec4 v000001d7ee2579d0_0, 0, 3;
    %jmp T_8.10;
T_8.9 ;
    %pushi/vec4 1, 0, 1;
    %store/vec4 v000001d7ee2586f0_0, 0, 1;
    %load/vec4 v000001d7ee2581f0_0;
    %addi 1, 0, 2;
    %store/vec4 v000001d7ee2581f0_0, 0, 2;
    %delay 1, 0;
    %pushi/vec4 0, 0, 3;
    %store/vec4 v000001d7ee2579d0_0, 0, 3;
T_8.10 ;
    %jmp T_8.6;
T_8.4 ;
    %pushi/vec4 1, 0, 1;
    %store/vec4 v000001d7ee258150_0, 0, 1;
    %pushi/vec4 1, 0, 1;
    %store/vec4 v000001d7ee2585b0_0, 0, 1;
    %pushi/vec4 0, 0, 1;
    %store/vec4 v000001d7ee257f70_0, 0, 1;
    %jmp T_8.6;
T_8.6 ;
    %pop/vec4 1;
    %jmp T_8;
    .thread T_8, $push;
    .scope S_000001d7ee1b4250;
T_9 ;
    %pushi/vec4 0, 0, 1;
    %store/vec4 v000001d7ee258d30_0, 0, 1;
    %end;
    .thread T_9;
    .scope S_000001d7ee1b4250;
T_10 ;
    %delay 1, 0;
    %load/vec4 v000001d7ee258d30_0;
    %inv;
    %store/vec4 v000001d7ee258d30_0, 0, 1;
    %jmp T_10;
    .thread T_10;
    .scope S_000001d7ee1b4250;
T_11 ;
    %pushi/vec4 0, 0, 2;
    %store/vec4 v000001d7ee257cf0_0, 0, 2;
    %end;
    .thread T_11;
    .scope S_000001d7ee1b4250;
T_12 ;
    %wait E_000001d7ee1f3310;
    %load/vec4 v000001d7ee258830_0;
    %flag_set/vec4 8;
    %jmp/0xz  T_12.0, 8;
    %pushi/vec4 0, 0, 32;
    %store/vec4 v000001d7ee257bb0_0, 0, 32;
T_12.2 ;
    %load/vec4 v000001d7ee257bb0_0;
    %cmpi/s 4, 0, 32;
    %jmp/0xz T_12.3, 5;
    %load/vec4 v000001d7ee257bb0_0;
    %parti/s 2, 0, 2;
    %store/vec4 v000001d7ee257cf0_0, 0, 2;
    %delay 1, 0;
    ; show_stmt_assign_vector: Get l-value for compressed += operand
    %load/vec4 v000001d7ee257bb0_0;
    %pushi/vec4 1, 0, 32;
    %add;
    %store/vec4 v000001d7ee257bb0_0, 0, 32;
    %jmp T_12.2;
T_12.3 ;
    %delay 100, 0;
    %vpi_call 2 29 "$finish" {0 0 0};
T_12.0 ;
    %jmp T_12;
    .thread T_12;
    .scope S_000001d7ee1b4250;
T_13 ;
    %vpi_call 2 35 "$dumpfile", "mfp_tb.vcd" {0 0 0};
    %vpi_call 2 36 "$dumpvars", 32'sb00000000000000000000000000000000, S_000001d7ee1b4250 {0 0 0};
    %end;
    .thread T_13;
# The file index is used to find the file name in the following table.
:file_names 3;
    "N/A";
    "<interactive>";
    "fpm.v";
