#! /c/Source/iverilog-install/bin/vvp
:ivl_version "12.0 (devel)" "(s20150603-1539-g2693dd32b)";
:ivl_delay_selection "TYPICAL";
:vpi_time_precision + 0;
:vpi_module "C:\iverilog\lib\ivl\system.vpi";
:vpi_module "C:\iverilog\lib\ivl\vhdl_sys.vpi";
:vpi_module "C:\iverilog\lib\ivl\vhdl_textio.vpi";
:vpi_module "C:\iverilog\lib\ivl\v2005_math.vpi";
:vpi_module "C:\iverilog\lib\ivl\va_math.vpi";
S_0000017871a9e810 .scope module, "testbench" "testbench" 2 26;
 .timescale 0 0;
v0000017871a9bd80_0 .var "OE", 0 0;
v0000017871a9be20_0 .var "addr", 2 0;
v0000017871a9bec0_0 .net "out", 31 0, v0000017871a9ebd0_0;  1 drivers
S_0000017871a9e9a0 .scope module, "rom_8_inst" "rom_8" 2 30, 2 1 0, S_0000017871a9e810;
 .timescale 0 0;
    .port_info 0 /INPUT 3 "addr";
    .port_info 1 /INPUT 1 "OE";
    .port_info 2 /OUTPUT 32 "out";
v0000017871a96ee0_0 .net "OE", 0 0, v0000017871a9bd80_0;  1 drivers
v0000017871a96cc0_0 .net "addr", 2 0, v0000017871a9be20_0;  1 drivers
v0000017871a9eb30 .array "data", 0 7, 31 0;
v0000017871a9ebd0_0 .var "out", 31 0;
E_0000017871987b90 .event anyedge, v0000017871a96ee0_0, v0000017871a96cc0_0;
    .scope S_0000017871a9e9a0;
T_0 ;
    %pushi/vec4 159820648, 0, 32;
    %ix/load 4, 0, 0;
    %flag_set/imm 4, 0;
    %store/vec4a v0000017871a9eb30, 4, 0;
    %pushi/vec4 272128937, 0, 32;
    %ix/load 4, 1, 0;
    %flag_set/imm 4, 0;
    %store/vec4a v0000017871a9eb30, 4, 0;
    %pushi/vec4 1065353216, 0, 32;
    %ix/load 4, 2, 0;
    %flag_set/imm 4, 0;
    %store/vec4a v0000017871a9eb30, 4, 0;
    %pushi/vec4 1048576000, 0, 32;
    %ix/load 4, 3, 0;
    %flag_set/imm 4, 0;
    %store/vec4a v0000017871a9eb30, 4, 0;
    %pushi/vec4 1077936128, 0, 32;
    %ix/load 4, 4, 0;
    %flag_set/imm 4, 0;
    %store/vec4a v0000017871a9eb30, 4, 0;
    %pushi/vec4 1092616192, 0, 32;
    %ix/load 4, 5, 0;
    %flag_set/imm 4, 0;
    %store/vec4a v0000017871a9eb30, 4, 0;
    %pushi/vec4 1050673152, 0, 32;
    %ix/load 4, 6, 0;
    %flag_set/imm 4, 0;
    %store/vec4a v0000017871a9eb30, 4, 0;
    %pushi/vec4 1063256064, 0, 32;
    %ix/load 4, 7, 0;
    %flag_set/imm 4, 0;
    %store/vec4a v0000017871a9eb30, 4, 0;
    %end;
    .thread T_0;
    .scope S_0000017871a9e9a0;
T_1 ;
    %wait E_0000017871987b90;
    %load/vec4 v0000017871a96ee0_0;
    %cmpi/e 1, 0, 1;
    %jmp/0xz  T_1.0, 4;
    %load/vec4 v0000017871a96cc0_0;
    %pad/u 5;
    %ix/vec4 4;
    %load/vec4a v0000017871a9eb30, 4;
    %store/vec4 v0000017871a9ebd0_0, 0, 32;
    %jmp T_1.1;
T_1.0 ;
    %pushi/vec4 0, 4294967295, 32;
    %store/vec4 v0000017871a9ebd0_0, 0, 32;
T_1.1 ;
    %jmp T_1;
    .thread T_1, $push;
    .scope S_0000017871a9e810;
T_2 ;
    %pushi/vec4 0, 0, 3;
    %store/vec4 v0000017871a9be20_0, 0, 3;
    %pushi/vec4 1, 0, 1;
    %store/vec4 v0000017871a9bd80_0, 0, 1;
    %delay 10, 0;
    %pushi/vec4 1, 0, 3;
    %store/vec4 v0000017871a9be20_0, 0, 3;
    %delay 10, 0;
    %pushi/vec4 2, 0, 3;
    %store/vec4 v0000017871a9be20_0, 0, 3;
    %delay 10, 0;
    %pushi/vec4 3, 0, 3;
    %store/vec4 v0000017871a9be20_0, 0, 3;
    %delay 10, 0;
    %pushi/vec4 4, 0, 3;
    %store/vec4 v0000017871a9be20_0, 0, 3;
    %delay 10, 0;
    %pushi/vec4 5, 0, 3;
    %store/vec4 v0000017871a9be20_0, 0, 3;
    %delay 10, 0;
    %pushi/vec4 6, 0, 3;
    %store/vec4 v0000017871a9be20_0, 0, 3;
    %delay 10, 0;
    %pushi/vec4 7, 0, 3;
    %store/vec4 v0000017871a9be20_0, 0, 3;
    %delay 10, 0;
    %pushi/vec4 0, 0, 1;
    %store/vec4 v0000017871a9bd80_0, 0, 1;
    %delay 10, 0;
    %pushi/vec4 1, 0, 1;
    %store/vec4 v0000017871a9bd80_0, 0, 1;
    %delay 10, 0;
    %vpi_call 2 47 "$finish" {0 0 0};
    %end;
    .thread T_2;
    .scope S_0000017871a9e810;
T_3 ;
    %vpi_call 2 50 "$dumpfile", "teste.vcd" {0 0 0};
    %vpi_call 2 51 "$dumpvars", 32'sb00000000000000000000000000000000, S_0000017871a9e9a0 {0 0 0};
    %end;
    .thread T_3;
# The file index is used to find the file name in the following table.
:file_names 3;
    "N/A";
    "<interactive>";
    "rom_8_completo.v";
