#! /c/Source/iverilog-install/bin/vvp
:ivl_version "12.0 (devel)" "(s20150603-1539-g2693dd32b)";
:ivl_delay_selection "TYPICAL";
:vpi_time_precision + 0;
:vpi_module "C:\iverilog\lib\ivl\system.vpi";
:vpi_module "C:\iverilog\lib\ivl\vhdl_sys.vpi";
:vpi_module "C:\iverilog\lib\ivl\vhdl_textio.vpi";
:vpi_module "C:\iverilog\lib\ivl\v2005_math.vpi";
:vpi_module "C:\iverilog\lib\ivl\va_math.vpi";
S_000001c44afa6510 .scope module, "control_unit" "control_unit" 2 1;
 .timescale 0 0;
    .port_info 0 /INPUT 32 "im_data";
    .port_info 1 /INPUT 1 "ALUzero";
    .port_info 2 /INPUT 1 "ALUneg";
    .port_info 3 /OUTPUT 1 "RegWrite";
    .port_info 4 /OUTPUT 1 "ALUsrc";
    .port_info 5 /OUTPUT 2 "PCsrc";
    .port_info 6 /OUTPUT 2 "MemWrite";
    .port_info 7 /OUTPUT 3 "ALUctl";
    .port_info 8 /OUTPUT 3 "MemtoReg";
P_000001c44afa66a0 .param/l "op_add" 1 2 12, C4<000>;
P_000001c44afa66d8 .param/l "op_and" 1 2 13, C4<001>;
P_000001c44afa6710 .param/l "op_or" 1 2 14, C4<010>;
P_000001c44afa6748 .param/l "op_sl" 1 2 15, C4<011>;
P_000001c44afa6780 .param/l "op_sra" 1 2 16, C4<100>;
P_000001c44afa67b8 .param/l "op_srl" 1 2 17, C4<101>;
P_000001c44afa67f0 .param/l "op_sub" 1 2 18, C4<110>;
P_000001c44afa6828 .param/l "op_xor" 1 2 19, C4<111>;
v000001c44afa6ce0_0 .var "ALUctl", 2 0;
o000001c44b21f008 .functor BUFZ 1, C4<z>; HiZ drive
v000001c44afab630_0 .net "ALUneg", 0 0, o000001c44b21f008;  0 drivers
v000001c44afaa460_0 .var "ALUsrc", 0 0;
o000001c44b21f068 .functor BUFZ 1, C4<z>; HiZ drive
v000001c44afa6870_0 .net "ALUzero", 0 0, o000001c44b21f068;  0 drivers
v000001c44b26bd00_0 .var "MemWrite", 1 0;
v000001c44b26b3a0_0 .var "MemtoReg", 2 0;
v000001c44b26b300_0 .var "PCsrc", 1 0;
v000001c44b26be40_0 .var "RegWrite", 0 0;
v000001c44b26b440_0 .net *"_ivl_10", 0 0, L_000001c44b26b760;  1 drivers
L_000001c44b26c1a0 .functor BUFT 1, C4<01>, C4<0>, C4<0>, C4<0>;
v000001c44b26bda0_0 .net/2s *"_ivl_12", 1 0, L_000001c44b26c1a0;  1 drivers
L_000001c44b26c1e8 .functor BUFT 1, C4<00>, C4<0>, C4<0>, C4<0>;
v000001c44b26bee0_0 .net/2s *"_ivl_14", 1 0, L_000001c44b26c1e8;  1 drivers
v000001c44b26bc60_0 .net *"_ivl_16", 1 0, L_000001c44b26b6c0;  1 drivers
v000001c44b26b120_0 .net *"_ivl_7", 6 0, L_000001c44b26b620;  1 drivers
L_000001c44b26c158 .functor BUFT 1, C4<1110011>, C4<0>, C4<0>, C4<0>;
v000001c44b26bf80_0 .net/2u *"_ivl_8", 6 0, L_000001c44b26c158;  1 drivers
v000001c44b26b1c0_0 .net "brk", 0 0, L_000001c44b26b800;  1 drivers
v000001c44b26b260_0 .var "control", 11 0;
v000001c44b26b8a0_0 .net "funct3", 2 0, L_000001c44b26b940;  1 drivers
v000001c44b26bbc0_0 .net "funct7", 6 0, L_000001c44b26b580;  1 drivers
o000001c44b21f338 .functor BUFZ 32, C4<zzzzzzzzzzzzzzzzzzzzzzzzzzzzzzzz>; HiZ drive
v000001c44b26b080_0 .net "im_data", 31 0, o000001c44b21f338;  0 drivers
v000001c44b26b9e0_0 .net "opcode", 6 0, L_000001c44b26b4e0;  1 drivers
E_000001c44b20d5c0/0 .event anyedge, v000001c44b26b9e0_0, v000001c44b26b8a0_0, v000001c44b26bbc0_0, v000001c44afa6870_0;
E_000001c44b20d5c0/1 .event anyedge, v000001c44afab630_0;
E_000001c44b20d5c0 .event/or E_000001c44b20d5c0/0, E_000001c44b20d5c0/1;
E_000001c44b20dd40 .event anyedge, v000001c44b26b260_0;
L_000001c44b26b4e0 .part o000001c44b21f338, 0, 7;
L_000001c44b26b940 .part o000001c44b21f338, 12, 3;
L_000001c44b26b580 .part o000001c44b21f338, 25, 7;
L_000001c44b26b620 .part o000001c44b21f338, 0, 7;
L_000001c44b26b760 .cmp/eq 7, L_000001c44b26b620, L_000001c44b26c158;
L_000001c44b26b6c0 .functor MUXZ 2, L_000001c44b26c1e8, L_000001c44b26c1a0, L_000001c44b26b760, C4<>;
L_000001c44b26b800 .part L_000001c44b26b6c0, 0, 1;
    .scope S_000001c44afa6510;
T_0 ;
    %wait E_000001c44b20dd40;
    %load/vec4 v000001c44b26b260_0;
    %parti/s 1, 11, 5;
    %assign/vec4 v000001c44afaa460_0, 0;
    %load/vec4 v000001c44b26b260_0;
    %parti/s 1, 10, 5;
    %assign/vec4 v000001c44b26be40_0, 0;
    %load/vec4 v000001c44b26b260_0;
    %parti/s 2, 8, 5;
    %assign/vec4 v000001c44b26bd00_0, 0;
    %load/vec4 v000001c44b26b260_0;
    %parti/s 2, 6, 4;
    %assign/vec4 v000001c44b26b300_0, 0;
    %load/vec4 v000001c44b26b260_0;
    %parti/s 3, 3, 3;
    %assign/vec4 v000001c44b26b3a0_0, 0;
    %load/vec4 v000001c44b26b260_0;
    %parti/s 3, 0, 2;
    %assign/vec4 v000001c44afa6ce0_0, 0;
    %jmp T_0;
    .thread T_0, $push;
    .scope S_000001c44afa6510;
T_1 ;
    %wait E_000001c44b20d5c0;
    %load/vec4 v000001c44b26b9e0_0;
    %load/vec4 v000001c44b26b8a0_0;
    %concat/vec4; draw_concat_vec4
    %load/vec4 v000001c44b26bbc0_0;
    %concat/vec4; draw_concat_vec4
    %dup/vec4;
    %pushi/vec4 52224, 0, 17;
    %cmp/z;
    %jmp/1 T_1.0, 4;
    %dup/vec4;
    %pushi/vec4 19456, 127, 17;
    %cmp/z;
    %jmp/1 T_1.1, 4;
    %dup/vec4;
    %pushi/vec4 52256, 0, 17;
    %cmp/z;
    %jmp/1 T_1.2, 4;
    %dup/vec4;
    %pushi/vec4 53120, 0, 17;
    %cmp/z;
    %jmp/1 T_1.3, 4;
    %dup/vec4;
    %pushi/vec4 20352, 127, 17;
    %cmp/z;
    %jmp/1 T_1.4, 4;
    %dup/vec4;
    %pushi/vec4 52992, 0, 17;
    %cmp/z;
    %jmp/1 T_1.5, 4;
    %dup/vec4;
    %pushi/vec4 20224, 127, 17;
    %cmp/z;
    %jmp/1 T_1.6, 4;
    %dup/vec4;
    %pushi/vec4 52736, 0, 17;
    %cmp/z;
    %jmp/1 T_1.7, 4;
    %dup/vec4;
    %pushi/vec4 19968, 127, 17;
    %cmp/z;
    %jmp/1 T_1.8, 4;
    %dup/vec4;
    %pushi/vec4 52352, 0, 17;
    %cmp/z;
    %jmp/1 T_1.9, 4;
    %dup/vec4;
    %pushi/vec4 19584, 127, 17;
    %cmp/z;
    %jmp/1 T_1.10, 4;
    %dup/vec4;
    %pushi/vec4 52864, 0, 17;
    %cmp/z;
    %jmp/1 T_1.11, 4;
    %dup/vec4;
    %pushi/vec4 20096, 127, 17;
    %cmp/z;
    %jmp/1 T_1.12, 4;
    %dup/vec4;
    %pushi/vec4 52896, 0, 17;
    %cmp/z;
    %jmp/1 T_1.13, 4;
    %dup/vec4;
    %pushi/vec4 20128, 0, 17;
    %cmp/z;
    %jmp/1 T_1.14, 4;
    %dup/vec4;
    %pushi/vec4 52480, 0, 17;
    %cmp/z;
    %jmp/1 T_1.15, 4;
    %dup/vec4;
    %pushi/vec4 19712, 127, 17;
    %cmp/z;
    %jmp/1 T_1.16, 4;
    %dup/vec4;
    %pushi/vec4 3328, 127, 17;
    %cmp/z;
    %jmp/1 T_1.17, 4;
    %dup/vec4;
    %pushi/vec4 3200, 127, 17;
    %cmp/z;
    %jmp/1 T_1.18, 4;
    %dup/vec4;
    %pushi/vec4 3072, 127, 17;
    %cmp/z;
    %jmp/1 T_1.19, 4;
    %dup/vec4;
    %pushi/vec4 36096, 127, 17;
    %cmp/z;
    %jmp/1 T_1.20, 4;
    %dup/vec4;
    %pushi/vec4 35968, 127, 17;
    %cmp/z;
    %jmp/1 T_1.21, 4;
    %dup/vec4;
    %pushi/vec4 35840, 127, 17;
    %cmp/z;
    %jmp/1 T_1.22, 4;
    %dup/vec4;
    %pushi/vec4 101376, 127, 17;
    %cmp/z;
    %jmp/1 T_1.23, 4;
    %dup/vec4;
    %pushi/vec4 101504, 127, 17;
    %cmp/z;
    %jmp/1 T_1.24, 4;
    %dup/vec4;
    %pushi/vec4 102016, 127, 17;
    %cmp/z;
    %jmp/1 T_1.25, 4;
    %dup/vec4;
    %pushi/vec4 101888, 127, 17;
    %cmp/z;
    %jmp/1 T_1.26, 4;
    %dup/vec4;
    %pushi/vec4 56320, 1023, 17;
    %cmp/z;
    %jmp/1 T_1.27, 4;
    %dup/vec4;
    %pushi/vec4 23552, 1023, 17;
    %cmp/z;
    %jmp/1 T_1.28, 4;
    %dup/vec4;
    %pushi/vec4 113664, 1023, 17;
    %cmp/z;
    %jmp/1 T_1.29, 4;
    %dup/vec4;
    %pushi/vec4 105472, 127, 17;
    %cmp/z;
    %jmp/1 T_1.30, 4;
    %pushi/vec4 0, 0, 12;
    %store/vec4 v000001c44b26b260_0, 0, 12;
    %jmp T_1.32;
T_1.0 ;
    %pushi/vec4 1024, 0, 12;
    %assign/vec4 v000001c44b26b260_0, 0;
    %jmp T_1.32;
T_1.1 ;
    %pushi/vec4 3072, 0, 12;
    %assign/vec4 v000001c44b26b260_0, 0;
    %jmp T_1.32;
T_1.2 ;
    %pushi/vec4 1030, 0, 12;
    %assign/vec4 v000001c44b26b260_0, 0;
    %jmp T_1.32;
T_1.3 ;
    %pushi/vec4 1025, 0, 12;
    %assign/vec4 v000001c44b26b260_0, 0;
    %jmp T_1.32;
T_1.4 ;
    %pushi/vec4 3073, 0, 12;
    %assign/vec4 v000001c44b26b260_0, 0;
    %jmp T_1.32;
T_1.5 ;
    %pushi/vec4 1026, 0, 12;
    %assign/vec4 v000001c44b26b260_0, 0;
    %jmp T_1.32;
T_1.6 ;
    %pushi/vec4 3074, 0, 12;
    %assign/vec4 v000001c44b26b260_0, 0;
    %jmp T_1.32;
T_1.7 ;
    %pushi/vec4 1031, 0, 12;
    %assign/vec4 v000001c44b26b260_0, 0;
    %jmp T_1.32;
T_1.8 ;
    %pushi/vec4 3079, 0, 12;
    %assign/vec4 v000001c44b26b260_0, 0;
    %jmp T_1.32;
T_1.9 ;
    %pushi/vec4 1027, 0, 12;
    %assign/vec4 v000001c44b26b260_0, 0;
    %jmp T_1.32;
T_1.10 ;
    %pushi/vec4 3075, 0, 12;
    %assign/vec4 v000001c44b26b260_0, 0;
    %jmp T_1.32;
T_1.11 ;
    %pushi/vec4 1029, 0, 12;
    %assign/vec4 v000001c44b26b260_0, 0;
    %jmp T_1.32;
T_1.12 ;
    %pushi/vec4 3077, 0, 12;
    %assign/vec4 v000001c44b26b260_0, 0;
    %jmp T_1.32;
T_1.13 ;
    %pushi/vec4 1028, 0, 12;
    %assign/vec4 v000001c44b26b260_0, 0;
    %jmp T_1.32;
T_1.14 ;
    %pushi/vec4 3076, 0, 12;
    %assign/vec4 v000001c44b26b260_0, 0;
    %jmp T_1.32;
T_1.15 ;
    %pushi/vec4 1086, 0, 12;
    %assign/vec4 v000001c44b26b260_0, 0;
    %jmp T_1.32;
T_1.16 ;
    %pushi/vec4 3134, 0, 12;
    %assign/vec4 v000001c44b26b260_0, 0;
    %jmp T_1.32;
T_1.17 ;
    %pushi/vec4 3120, 0, 12;
    %assign/vec4 v000001c44b26b260_0, 0;
    %jmp T_1.32;
T_1.18 ;
    %pushi/vec4 3112, 0, 12;
    %assign/vec4 v000001c44b26b260_0, 0;
    %jmp T_1.32;
T_1.19 ;
    %pushi/vec4 3104, 0, 12;
    %assign/vec4 v000001c44b26b260_0, 0;
    %jmp T_1.32;
T_1.20 ;
    %pushi/vec4 2816, 0, 12;
    %assign/vec4 v000001c44b26b260_0, 0;
    %jmp T_1.32;
T_1.21 ;
    %pushi/vec4 2560, 0, 12;
    %assign/vec4 v000001c44b26b260_0, 0;
    %jmp T_1.32;
T_1.22 ;
    %pushi/vec4 2304, 0, 12;
    %assign/vec4 v000001c44b26b260_0, 0;
    %jmp T_1.32;
T_1.23 ;
    %load/vec4 v000001c44afa6870_0;
    %flag_set/vec4 8;
    %jmp/0 T_1.33, 8;
    %pushi/vec4 70, 0, 12;
    %jmp/1 T_1.34, 8;
T_1.33 ; End of true expr.
    %pushi/vec4 6, 0, 12;
    %jmp/0 T_1.34, 8;
 ; End of false expr.
    %blend;
T_1.34;
    %assign/vec4 v000001c44b26b260_0, 0;
    %jmp T_1.32;
T_1.24 ;
    %load/vec4 v000001c44afa6870_0;
    %flag_set/vec4 8;
    %jmp/0 T_1.35, 8;
    %pushi/vec4 6, 0, 12;
    %jmp/1 T_1.36, 8;
T_1.35 ; End of true expr.
    %pushi/vec4 70, 0, 12;
    %jmp/0 T_1.36, 8;
 ; End of false expr.
    %blend;
T_1.36;
    %assign/vec4 v000001c44b26b260_0, 0;
    %jmp T_1.32;
T_1.25 ;
    %load/vec4 v000001c44afa6870_0;
    %flag_set/vec4 8;
    %jmp/1 T_1.39, 8;
    %load/vec4 v000001c44afab630_0;
    %inv;
    %flag_set/vec4 9;
    %flag_or 8, 9;
T_1.39;
    %jmp/0 T_1.37, 8;
    %pushi/vec4 70, 0, 12;
    %jmp/1 T_1.38, 8;
T_1.37 ; End of true expr.
    %pushi/vec4 6, 0, 12;
    %jmp/0 T_1.38, 8;
 ; End of false expr.
    %blend;
T_1.38;
    %assign/vec4 v000001c44b26b260_0, 0;
    %jmp T_1.32;
T_1.26 ;
    %load/vec4 v000001c44afab630_0;
    %flag_set/vec4 8;
    %jmp/0 T_1.40, 8;
    %pushi/vec4 70, 0, 12;
    %jmp/1 T_1.41, 8;
T_1.40 ; End of true expr.
    %pushi/vec4 6, 0, 12;
    %jmp/0 T_1.41, 8;
 ; End of false expr.
    %blend;
T_1.41;
    %assign/vec4 v000001c44b26b260_0, 0;
    %jmp T_1.32;
T_1.27 ;
    %pushi/vec4 3088, 0, 12;
    %assign/vec4 v000001c44b26b260_0, 0;
    %jmp T_1.32;
T_1.28 ;
    %pushi/vec4 3096, 0, 12;
    %assign/vec4 v000001c44b26b260_0, 0;
    %jmp T_1.32;
T_1.29 ;
    %pushi/vec4 3144, 0, 12;
    %assign/vec4 v000001c44b26b260_0, 0;
    %jmp T_1.32;
T_1.30 ;
    %pushi/vec4 3208, 0, 12;
    %assign/vec4 v000001c44b26b260_0, 0;
    %jmp T_1.32;
T_1.32 ;
    %pop/vec4 1;
    %jmp T_1;
    .thread T_1, $push;
# The file index is used to find the file name in the following table.
:file_names 3;
    "N/A";
    "<interactive>";
    "control_unit.v";
