#! /c/Source/iverilog-install/bin/vvp
:ivl_version "12.0 (devel)" "(s20150603-1539-g2693dd32b)";
:ivl_delay_selection "TYPICAL";
:vpi_time_precision + 0;
:vpi_module "C:\iverilog\lib\ivl\system.vpi";
:vpi_module "C:\iverilog\lib\ivl\vhdl_sys.vpi";
:vpi_module "C:\iverilog\lib\ivl\vhdl_textio.vpi";
:vpi_module "C:\iverilog\lib\ivl\v2005_math.vpi";
:vpi_module "C:\iverilog\lib\ivl\va_math.vpi";
S_00000296e2036620 .scope module, "cpu" "cpu" 2 1;
 .timescale 0 0;
    .port_info 0 /INPUT 1 "clk";
    .port_info 1 /INPUT 1 "rst";
    .port_info 2 /INPUT 1 "ready";
    .port_info 3 /INPUT 32 "rdata";
    .port_info 4 /OUTPUT 32 "addr";
    .port_info 5 /OUTPUT 32 "wdata";
    .port_info 6 /OUTPUT 1 "write";
    .port_info 7 /OUTPUT 1 "done";
P_00000296e203b960 .param/l "DM_L" 0 2 3, +C4<00000000000000000000000010000000>;
P_00000296e203b998 .param/l "IM_L" 0 2 3, +C4<00000000000000000000000000001000>;
P_00000296e203b9d0 .param/l "inst_ADD" 1 2 16, C4<0110011>;
P_00000296e203ba08 .param/l "inst_EBREAK" 1 2 19, C4<1110011>;
P_00000296e203ba40 .param/l "inst_LW" 1 2 17, C4<0000011>;
P_00000296e203ba78 .param/l "inst_SW" 1 2 18, C4<0100011>;
P_00000296e203bab0 .param/l "s_decode" 1 2 24, +C4<00000000000000000000000000000001>;
P_00000296e203bae8 .param/l "s_execute" 1 2 25, +C4<00000000000000000000000000000010>;
P_00000296e203bb20 .param/l "s_fetch" 1 2 23, +C4<00000000000000000000000000000000>;
P_00000296e203bb58 .param/l "s_write" 1 2 26, +C4<00000000000000000000000000000011>;
v00000296e2036bf0_0 .var "PC", 7 0;
v00000296e2036e10 .array "RF", 0 4, 31 0;
v00000296e20367b0_0 .var "addr", 31 0;
o00000296e21f1fc8 .functor BUFZ 1, C4<z>; HiZ drive
v00000296e2036850_0 .net "clk", 0 0, o00000296e21f1fc8;  0 drivers
v00000296e20368f0_0 .var "done", 0 0;
v00000296e21e26a0_0 .var "imm_I", 31 0;
v00000296e21e2740_0 .var "imm_S", 31 0;
v00000296e21e27e0_0 .var "opcode", 6 0;
v00000296e21e2880_0 .var "rd", 4 0;
o00000296e21f20e8 .functor BUFZ 32, C4<zzzzzzzzzzzzzzzzzzzzzzzzzzzzzzzz>; HiZ drive
v00000296e21e2920_0 .net "rdata", 31 0, o00000296e21f20e8;  0 drivers
o00000296e21f2118 .functor BUFZ 1, C4<z>; HiZ drive
v00000296e21e29c0_0 .net "ready", 0 0, o00000296e21f2118;  0 drivers
v00000296e21e2a60_0 .var "rs1", 4 0;
v00000296e21e2b00_0 .var "rs2", 4 0;
o00000296e21f21a8 .functor BUFZ 1, C4<z>; HiZ drive
v00000296e21e2ba0_0 .net "rst", 0 0, o00000296e21f21a8;  0 drivers
v00000296e21e2c40_0 .var "state", 2 0;
v00000296e21e1b40_0 .var "wdata", 31 0;
v00000296e21e2540_0 .var "write", 0 0;
E_00000296e21d6820 .event anyedge, v00000296e21e2c40_0;
E_00000296e21d7460 .event posedge, v00000296e2036850_0;
    .scope S_00000296e2036620;
T_0 ;
    %pushi/vec4 0, 0, 8;
    %store/vec4 v00000296e2036bf0_0, 0, 8;
    %end;
    .thread T_0;
    .scope S_00000296e2036620;
T_1 ;
    %pushi/vec4 0, 0, 32;
    %ix/load 4, 0, 0;
    %flag_set/imm 4, 0;
    %store/vec4a v00000296e2036e10, 4, 0;
    %end;
    .thread T_1;
    .scope S_00000296e2036620;
T_2 ;
    %wait E_00000296e21d7460;
    %load/vec4 v00000296e21e2ba0_0;
    %flag_set/vec4 8;
    %jmp/0xz  T_2.0, 8;
    %pushi/vec4 0, 0, 3;
    %assign/vec4 v00000296e21e2c40_0, 0;
    %pushi/vec4 0, 0, 8;
    %assign/vec4 v00000296e2036bf0_0, 0;
    %pushi/vec4 0, 0, 32;
    %assign/vec4 v00000296e20367b0_0, 0;
    %pushi/vec4 0, 0, 1;
    %assign/vec4 v00000296e21e2540_0, 0;
    %pushi/vec4 0, 0, 1;
    %assign/vec4 v00000296e20368f0_0, 0;
    %jmp T_2.1;
T_2.0 ;
    %load/vec4 v00000296e21e2c40_0;
    %pad/u 32;
    %cmpi/e 0, 0, 32;
    %flag_get/vec4 4;
    %jmp/0 T_2.4, 4;
    %load/vec4 v00000296e21e29c0_0;
    %and;
T_2.4;
    %flag_set/vec4 8;
    %jmp/0xz  T_2.2, 8;
    %pushi/vec4 1, 0, 3;
    %store/vec4 v00000296e21e2c40_0, 0, 3;
    %jmp T_2.3;
T_2.2 ;
    %load/vec4 v00000296e21e2c40_0;
    %pad/u 32;
    %cmpi/e 1, 0, 32;
    %flag_get/vec4 4;
    %jmp/0 T_2.7, 4;
    %load/vec4 v00000296e21e29c0_0;
    %and;
T_2.7;
    %flag_set/vec4 8;
    %jmp/0xz  T_2.5, 8;
    %pushi/vec4 2, 0, 3;
    %store/vec4 v00000296e21e2c40_0, 0, 3;
    %jmp T_2.6;
T_2.5 ;
    %load/vec4 v00000296e21e2c40_0;
    %pad/u 32;
    %cmpi/e 2, 0, 32;
    %flag_get/vec4 4;
    %jmp/0 T_2.10, 4;
    %load/vec4 v00000296e21e29c0_0;
    %and;
T_2.10;
    %flag_set/vec4 8;
    %jmp/0xz  T_2.8, 8;
    %pushi/vec4 3, 0, 3;
    %store/vec4 v00000296e21e2c40_0, 0, 3;
    %jmp T_2.9;
T_2.8 ;
    %load/vec4 v00000296e21e2c40_0;
    %pad/u 32;
    %cmpi/e 3, 0, 32;
    %flag_get/vec4 4;
    %jmp/0 T_2.13, 4;
    %load/vec4 v00000296e21e29c0_0;
    %and;
T_2.13;
    %flag_set/vec4 8;
    %jmp/0xz  T_2.11, 8;
    %pushi/vec4 0, 0, 3;
    %store/vec4 v00000296e21e2c40_0, 0, 3;
T_2.11 ;
T_2.9 ;
T_2.6 ;
T_2.3 ;
T_2.1 ;
    %jmp T_2;
    .thread T_2;
    .scope S_00000296e2036620;
T_3 ;
    %wait E_00000296e21d6820;
    %load/vec4 v00000296e21e2c40_0;
    %pad/u 32;
    %cmpi/e 0, 0, 32;
    %jmp/0xz  T_3.0, 4;
    %pushi/vec4 0, 0, 1;
    %assign/vec4 v00000296e21e2540_0, 0;
    %load/vec4 v00000296e2036bf0_0;
    %ix/load 4, 0, 0;
    %ix/load 5, 0, 0;
    %flag_set/imm 4, 0;
    %assign/vec4/off/d v00000296e20367b0_0, 4, 5;
    %pushi/vec4 0, 0, 24;
    %ix/load 4, 8, 0;
    %ix/load 5, 0, 0;
    %flag_set/imm 4, 0;
    %assign/vec4/off/d v00000296e20367b0_0, 4, 5;
    %load/vec4 v00000296e2036bf0_0;
    %addi 4, 0, 8;
    %assign/vec4 v00000296e2036bf0_0, 0;
    %jmp T_3.1;
T_3.0 ;
    %load/vec4 v00000296e21e2c40_0;
    %pad/u 32;
    %cmpi/e 1, 0, 32;
    %jmp/0xz  T_3.2, 4;
    %load/vec4 v00000296e21e2920_0;
    %parti/s 7, 0, 2;
    %assign/vec4 v00000296e21e27e0_0, 0;
    %load/vec4 v00000296e21e2920_0;
    %parti/s 5, 7, 4;
    %assign/vec4 v00000296e21e2880_0, 0;
    %load/vec4 v00000296e21e2920_0;
    %parti/s 5, 15, 5;
    %assign/vec4 v00000296e21e2a60_0, 0;
    %load/vec4 v00000296e21e2920_0;
    %parti/s 5, 20, 6;
    %assign/vec4 v00000296e21e2b00_0, 0;
    %load/vec4 v00000296e21e2920_0;
    %parti/s 1, 31, 6;
    %replicate 21;
    %load/vec4 v00000296e21e2920_0;
    %parti/s 11, 20, 6;
    %concat/vec4; draw_concat_vec4
    %assign/vec4 v00000296e21e26a0_0, 0;
    %load/vec4 v00000296e21e2920_0;
    %parti/s 1, 31, 6;
    %replicate 21;
    %load/vec4 v00000296e21e2920_0;
    %parti/s 6, 25, 6;
    %concat/vec4; draw_concat_vec4
    %load/vec4 v00000296e21e2920_0;
    %parti/s 5, 7, 4;
    %concat/vec4; draw_concat_vec4
    %assign/vec4 v00000296e21e2740_0, 0;
    %jmp T_3.3;
T_3.2 ;
    %load/vec4 v00000296e21e2c40_0;
    %pad/u 32;
    %cmpi/e 2, 0, 32;
    %jmp/0xz  T_3.4, 4;
    %load/vec4 v00000296e21e27e0_0;
    %dup/vec4;
    %pushi/vec4 51, 0, 7;
    %cmp/u;
    %jmp/1 T_3.6, 6;
    %dup/vec4;
    %pushi/vec4 3, 0, 7;
    %cmp/u;
    %jmp/1 T_3.7, 6;
    %dup/vec4;
    %pushi/vec4 35, 0, 7;
    %cmp/u;
    %jmp/1 T_3.8, 6;
    %dup/vec4;
    %pushi/vec4 115, 0, 7;
    %cmp/u;
    %jmp/1 T_3.9, 6;
    %pushi/vec4 0, 0, 1;
    %assign/vec4 v00000296e20368f0_0, 0;
    %jmp T_3.11;
T_3.6 ;
    %ix/getv 4, v00000296e21e2a60_0;
    %load/vec4a v00000296e2036e10, 4;
    %ix/getv 4, v00000296e21e2b00_0;
    %load/vec4a v00000296e2036e10, 4;
    %add;
    %ix/getv 3, v00000296e21e2880_0;
    %ix/load 4, 0, 0; Constant delay
    %assign/vec4/a/d v00000296e2036e10, 0, 4;
    %jmp T_3.11;
T_3.7 ;
    %pushi/vec4 0, 0, 8;
    %ix/load 4, 0, 0;
    %ix/load 5, 0, 0;
    %flag_set/imm 4, 0;
    %assign/vec4/off/d v00000296e20367b0_0, 4, 5;
    %ix/getv 4, v00000296e21e2a60_0;
    %load/vec4a v00000296e2036e10, 4;
    %load/vec4 v00000296e21e26a0_0;
    %parti/s 12, 0, 2;
    %pad/u 32;
    %add;
    %pad/u 24;
    %ix/load 4, 8, 0;
    %ix/load 5, 0, 0;
    %flag_set/imm 4, 0;
    %assign/vec4/off/d v00000296e20367b0_0, 4, 5;
    %jmp T_3.11;
T_3.8 ;
    %ix/getv 4, v00000296e21e2a60_0;
    %load/vec4a v00000296e2036e10, 4;
    %load/vec4 v00000296e21e2740_0;
    %parti/s 12, 0, 2;
    %pad/u 32;
    %add;
    %pad/u 24;
    %ix/load 4, 8, 0;
    %ix/load 5, 0, 0;
    %flag_set/imm 4, 0;
    %assign/vec4/off/d v00000296e20367b0_0, 4, 5;
    %jmp T_3.11;
T_3.9 ;
    %pushi/vec4 1, 0, 1;
    %assign/vec4 v00000296e20368f0_0, 0;
    %jmp T_3.11;
T_3.11 ;
    %pop/vec4 1;
    %jmp T_3.5;
T_3.4 ;
    %load/vec4 v00000296e21e2c40_0;
    %pad/u 32;
    %cmpi/e 3, 0, 32;
    %jmp/0xz  T_3.12, 4;
    %load/vec4 v00000296e21e27e0_0;
    %dup/vec4;
    %pushi/vec4 35, 0, 7;
    %cmp/u;
    %jmp/1 T_3.14, 6;
    %dup/vec4;
    %pushi/vec4 3, 0, 7;
    %cmp/u;
    %jmp/1 T_3.15, 6;
    %pushi/vec4 0, 0, 1;
    %assign/vec4 v00000296e21e2540_0, 0;
    %jmp T_3.17;
T_3.14 ;
    %ix/getv 4, v00000296e21e2b00_0;
    %load/vec4a v00000296e2036e10, 4;
    %assign/vec4 v00000296e21e1b40_0, 0;
    %pushi/vec4 1, 0, 1;
    %assign/vec4 v00000296e21e2540_0, 0;
    %jmp T_3.17;
T_3.15 ;
    %load/vec4 v00000296e21e2920_0;
    %ix/getv 3, v00000296e21e2880_0;
    %ix/load 4, 0, 0; Constant delay
    %assign/vec4/a/d v00000296e2036e10, 0, 4;
    %pushi/vec4 0, 0, 1;
    %assign/vec4 v00000296e21e2540_0, 0;
    %jmp T_3.17;
T_3.17 ;
    %pop/vec4 1;
T_3.12 ;
T_3.5 ;
T_3.3 ;
T_3.1 ;
    %jmp T_3;
    .thread T_3, $push;
# The file index is used to find the file name in the following table.
:file_names 3;
    "N/A";
    "<interactive>";
    "cpu.v";
