#! /c/Source/iverilog-install/bin/vvp
:ivl_version "12.0 (devel)" "(s20150603-1539-g2693dd32b)";
:ivl_delay_selection "TYPICAL";
:vpi_time_precision + 0;
:vpi_module "C:\iverilog\lib\ivl\system.vpi";
:vpi_module "C:\iverilog\lib\ivl\vhdl_sys.vpi";
:vpi_module "C:\iverilog\lib\ivl\vhdl_textio.vpi";
:vpi_module "C:\iverilog\lib\ivl\v2005_math.vpi";
:vpi_module "C:\iverilog\lib\ivl\va_math.vpi";
S_0000016fa206b040 .scope module, "alu" "alu" 2 1;
 .timescale 0 0;
    .port_info 0 /INPUT 4 "ALUctl";
    .port_info 1 /INPUT 32 "A";
    .port_info 2 /INPUT 32 "B";
    .port_info 3 /OUTPUT 32 "ALUout";
    .port_info 4 /OUTPUT 1 "Overflow";
    .port_info 5 /OUTPUT 1 "Zero";
P_0000016fa206a4d0 .param/l "W" 0 2 2, +C4<00000000000000000000000000100000>;
L_0000016fa20b27c0 .functor BUFZ 1, v0000016fa20ff990_0, C4<0>, C4<0>, C4<0>;
o0000016fa20bafd8 .functor BUFZ 32, C4<zzzzzzzzzzzzzzzzzzzzzzzzzzzzzzzz>; HiZ drive
v0000016fa2066e70_0 .net "A", 31 0, o0000016fa20bafd8;  0 drivers
o0000016fa20bb008 .functor BUFZ 4, C4<zzzz>; HiZ drive
v0000016fa2066ce0_0 .net "ALUctl", 3 0, o0000016fa20bb008;  0 drivers
v0000016fa206b1d0_0 .net "ALUout", 31 0, v0000016fa20ff8f0_0;  1 drivers
o0000016fa20bb068 .functor BUFZ 32, C4<zzzzzzzzzzzzzzzzzzzzzzzzzzzzzzzz>; HiZ drive
v0000016fa206bce0_0 .net "B", 31 0, o0000016fa20bb068;  0 drivers
v0000016fa206bd80_0 .net "Overflow", 0 0, L_0000016fa20b27c0;  1 drivers
v0000016fa206be20_0 .net "Zero", 0 0, L_0000016fa20b2310;  1 drivers
L_0000016fa2107b88 .functor BUFT 1, C4<00000000000000000000000000000000>, C4<0>, C4<0>, C4<0>;
v0000016fa206bec0_0 .net/2u *"_ivl_0", 31 0, L_0000016fa2107b88;  1 drivers
v0000016fa20ff850_0 .var "add", 31 0;
v0000016fa20ff8f0_0 .var "outreg", 31 0;
v0000016fa20ff990_0 .var "overf", 0 0;
v0000016fa20ffa30_0 .var "sub", 31 0;
v0000016fa20ffad0_0 .var "temp", 31 0;
E_0000016fa206a2d0/0 .event anyedge, v0000016fa2066e70_0, v0000016fa206bce0_0, v0000016fa2066ce0_0, v0000016fa20ff850_0;
E_0000016fa206a2d0/1 .event anyedge, v0000016fa20ffad0_0, v0000016fa20ffa30_0;
E_0000016fa206a2d0 .event/or E_0000016fa206a2d0/0, E_0000016fa206a2d0/1;
L_0000016fa20b2310 .cmp/eq 32, v0000016fa20ff8f0_0, L_0000016fa2107b88;
    .scope S_0000016fa206b040;
T_0 ;
    %wait E_0000016fa206a2d0;
    %load/vec4 v0000016fa2066e70_0;
    %load/vec4 v0000016fa206bce0_0;
    %inv;
    %addi 1, 0, 32;
    %add;
    %store/vec4 v0000016fa20ffa30_0, 0, 32;
    %load/vec4 v0000016fa206bce0_0;
    %inv;
    %addi 1, 0, 32;
    %store/vec4 v0000016fa20ffad0_0, 0, 32;
    %load/vec4 v0000016fa2066e70_0;
    %load/vec4 v0000016fa206bce0_0;
    %add;
    %store/vec4 v0000016fa20ff850_0, 0, 32;
    %load/vec4 v0000016fa2066ce0_0;
    %dup/vec4;
    %pushi/vec4 0, 0, 4;
    %cmp/u;
    %jmp/1 T_0.0, 6;
    %dup/vec4;
    %pushi/vec4 1, 0, 4;
    %cmp/u;
    %jmp/1 T_0.1, 6;
    %dup/vec4;
    %pushi/vec4 2, 0, 4;
    %cmp/u;
    %jmp/1 T_0.2, 6;
    %dup/vec4;
    %pushi/vec4 6, 0, 4;
    %cmp/u;
    %jmp/1 T_0.3, 6;
    %dup/vec4;
    %pushi/vec4 7, 0, 4;
    %cmp/u;
    %jmp/1 T_0.4, 6;
    %dup/vec4;
    %pushi/vec4 12, 0, 4;
    %cmp/u;
    %jmp/1 T_0.5, 6;
    %jmp T_0.6;
T_0.0 ;
    %load/vec4 v0000016fa2066e70_0;
    %load/vec4 v0000016fa206bce0_0;
    %and;
    %store/vec4 v0000016fa20ff8f0_0, 0, 32;
    %jmp T_0.6;
T_0.1 ;
    %load/vec4 v0000016fa2066e70_0;
    %load/vec4 v0000016fa206bce0_0;
    %or;
    %store/vec4 v0000016fa20ff8f0_0, 0, 32;
    %jmp T_0.6;
T_0.2 ;
    %load/vec4 v0000016fa2066e70_0;
    %parti/s 1, 31, 6;
    %load/vec4 v0000016fa206bce0_0;
    %parti/s 1, 31, 6;
    %cmp/e;
    %flag_get/vec4 4;
    %jmp/0 T_0.9, 4;
    %load/vec4 v0000016fa2066e70_0;
    %parti/s 1, 31, 6;
    %load/vec4 v0000016fa20ff850_0;
    %parti/s 1, 31, 6;
    %cmp/ne;
    %flag_get/vec4 4;
    %and;
T_0.9;
    %flag_set/vec4 8;
    %jmp/0xz  T_0.7, 8;
    %load/vec4 v0000016fa20ff850_0;
    %store/vec4 v0000016fa20ff8f0_0, 0, 32;
    %pushi/vec4 1, 0, 1;
    %store/vec4 v0000016fa20ff990_0, 0, 1;
    %jmp T_0.8;
T_0.7 ;
    %load/vec4 v0000016fa20ff850_0;
    %store/vec4 v0000016fa20ff8f0_0, 0, 32;
    %pushi/vec4 0, 0, 1;
    %store/vec4 v0000016fa20ff990_0, 0, 1;
T_0.8 ;
    %jmp T_0.6;
T_0.3 ;
    %load/vec4 v0000016fa2066e70_0;
    %parti/s 1, 31, 6;
    %load/vec4 v0000016fa20ffad0_0;
    %parti/s 1, 31, 6;
    %cmp/e;
    %flag_get/vec4 4;
    %jmp/0 T_0.12, 4;
    %load/vec4 v0000016fa2066e70_0;
    %parti/s 1, 31, 6;
    %load/vec4 v0000016fa20ffa30_0;
    %parti/s 1, 31, 6;
    %cmp/ne;
    %flag_get/vec4 4;
    %and;
T_0.12;
    %flag_set/vec4 8;
    %jmp/0xz  T_0.10, 8;
    %load/vec4 v0000016fa20ffa30_0;
    %store/vec4 v0000016fa20ff8f0_0, 0, 32;
    %pushi/vec4 1, 0, 1;
    %store/vec4 v0000016fa20ff990_0, 0, 1;
    %jmp T_0.11;
T_0.10 ;
    %load/vec4 v0000016fa20ffa30_0;
    %store/vec4 v0000016fa20ff8f0_0, 0, 32;
    %pushi/vec4 0, 0, 1;
    %store/vec4 v0000016fa20ff990_0, 0, 1;
T_0.11 ;
    %jmp T_0.6;
T_0.4 ;
    %load/vec4 v0000016fa20ffa30_0;
    %parti/s 1, 31, 6;
    %pad/u 32;
    %store/vec4 v0000016fa20ff8f0_0, 0, 32;
    %jmp T_0.6;
T_0.5 ;
    %load/vec4 v0000016fa2066e70_0;
    %load/vec4 v0000016fa206bce0_0;
    %or;
    %inv;
    %store/vec4 v0000016fa20ff8f0_0, 0, 32;
    %jmp T_0.6;
T_0.6 ;
    %pop/vec4 1;
    %jmp T_0;
    .thread T_0, $push;
# The file index is used to find the file name in the following table.
:file_names 3;
    "N/A";
    "<interactive>";
    "ula.v";
